<?xml version="1.0" encoding="UTF-8"?>
<coverage generated="1777602604133" clover="3.2.0">
  <project timestamp="1777602604134" name="All files">
    <metrics statements="35" coveredstatements="31" conditionals="18" coveredconditionals="13" methods="7" coveredmethods="7" elements="60" coveredelements="51" complexity="0" loc="35" ncloc="35" packages="2" files="4" classes="4"/>
    <package name="application.use-cases">
      <metrics statements="25" coveredstatements="24" conditionals="6" coveredconditionals="5" methods="6" coveredmethods="6"/>
      <file name="LoginUser.js" path="C:\Users\Katrina\Documents\trabalho-microsservico\backend\api-gateway\src\application\use-cases\LoginUser.js">
        <metrics statements="12" coveredstatements="11" conditionals="4" coveredconditionals="3" methods="2" coveredmethods="2"/>
        <line num="41" count="2" type="stmt"/>
        <line num="42" count="2" type="stmt"/>
        <line num="43" count="2" type="stmt"/>
        <line num="47" count="2" type="stmt"/>
        <line num="49" count="2" type="cond" truecount="1" falsecount="1"/>
        <line num="50" count="0" type="stmt"/>
        <line num="53" count="2" type="stmt"/>
        <line num="58" count="2" type="cond" truecount="2" falsecount="0"/>
        <line num="59" count="1" type="stmt"/>
        <line num="63" count="1" type="stmt"/>
        <line num="69" count="1" type="stmt"/>
        <line num="78" count="1" type="stmt"/>
      </file>
      <file name="RegisterUser.js" path="C:\Users\Katrina\Documents\trabalho-microsservico\backend\api-gateway\src\application\use-cases\RegisterUser.js">
        <metrics statements="10" coveredstatements="10" conditionals="2" coveredconditionals="2" methods="2" coveredmethods="2"/>
        <line num="1" count="1" type="stmt"/>
        <line num="5" count="2" type="stmt"/>
        <line num="6" count="2" type="stmt"/>
        <line num="27" count="2" type="stmt"/>
        <line num="29" count="2" type="cond" truecount="2" falsecount="0"/>
        <line num="30" count="1" type="stmt"/>
        <line num="33" count="1" type="stmt"/>
        <line num="34" count="1" type="stmt"/>
        <line num="37" count="1" type="stmt"/>
        <line num="45" count="1" type="stmt"/>
      </file>
      <file name="ValidateToken.js" path="C:\Users\Katrina\Documents\trabalho-microsservico\backend\api-gateway\src\application\use-cases\ValidateToken.js">
        <metrics statements="3" coveredstatements="3" conditionals="0" coveredconditionals="0" methods="2" coveredmethods="2"/>
        <line num="3" count="1" type="stmt"/>
        <line num="7" count="1" type="stmt"/>
        <line num="11" count="1" type="stmt"/>
      </file>
    </package>
    <package name="domain.entities">
      <metrics statements="10" coveredstatements="7" conditionals="12" coveredconditionals="8" methods="1" coveredmethods="1"/>
      <file name="User.js" path="C:\Users\Katrina\Documents\trabalho-microsservico\backend\api-gateway\src\domain\entities\User.js">
        <metrics statements="10" coveredstatements="7" conditionals="12" coveredconditionals="8" methods="1" coveredmethods="1"/>
        <line num="3" count="1" type="cond" truecount="3" falsecount="1"/>
        <line num="4" count="0" type="stmt"/>
        <line num="7" count="1" type="cond" truecount="4" falsecount="1"/>
        <line num="8" count="0" type="stmt"/>
        <line num="11" count="1" type="cond" truecount="1" falsecount="1"/>
        <line num="12" count="0" type="stmt"/>
        <line num="15" count="1" type="stmt"/>
        <line num="16" count="1" type="stmt"/>
        <line num="17" count="1" type="stmt"/>
        <line num="21" count="1" type="stmt"/>
      </file>
    </package>
  </project>
</coverage>
