{"C:\\Users\\Katrina\\Documents\\trabalho-microsservico\\backend\\api-gateway\\src\\application\\use-cases\\LoginUser.js": {"path":"C:\\Users\\Katrina\\Documents\\trabalho-microsservico\\backend\\api-gateway\\src\\application\\use-cases\\LoginUser.js","statementMap":{"0":{"start":{"line":41,"column":4},"end":{"line":41,"column":41}},"1":{"start":{"line":42,"column":4},"end":{"line":42,"column":41}},"2":{"start":{"line":43,"column":4},"end":{"line":43,"column":33}},"3":{"start":{"line":47,"column":17},"end":{"line":47,"column":67}},"4":{"start":{"line":49,"column":4},"end":{"line":51,"column":5}},"5":{"start":{"line":50,"column":6},"end":{"line":50,"column":48}},"6":{"start":{"line":53,"column":26},"end":{"line":56,"column":5}},"7":{"start":{"line":58,"column":4},"end":{"line":60,"column":5}},"8":{"start":{"line":59,"column":6},"end":{"line":59,"column":40}},"9":{"start":{"line":63,"column":18},"end":{"line":67,"column":6}},"10":{"start":{"line":69,"column":4},"end":{"line":74,"column":6}},"11":{"start":{"line":78,"column":0},"end":{"line":78,"column":27}}},"fnMap":{"0":{"name":"(anonymous_0)","decl":{"start":{"line":40,"column":2},"end":{"line":40,"column":3}},"loc":{"start":{"line":40,"column":58},"end":{"line":44,"column":3}},"line":40},"1":{"name":"(anonymous_1)","decl":{"start":{"line":46,"column":2},"end":{"line":46,"column":3}},"loc":{"start":{"line":46,"column":40},"end":{"line":75,"column":3}},"line":46}},"branchMap":{"0":{"loc":{"start":{"line":49,"column":4},"end":{"line":51,"column":5}},"type":"if","locations":[{"start":{"line":49,"column":4},"end":{"line":51,"column":5}},{"start":{},"end":{}}],"line":49},"1":{"loc":{"start":{"line":58,"column":4},"end":{"line":60,"column":5}},"type":"if","locations":[{"start":{"line":58,"column":4},"end":{"line":60,"column":5}},{"start":{},"end":{}}],"line":58}},"s":{"0":2,"1":2,"2":2,"3":2,"4":2,"5":0,"6":2,"7":2,"8":1,"9":1,"10":1,"11":1},"f":{"0":2,"1":2},"b":{"0":[0,2],"1":[1,1]},"_coverageSchema":"1a1c01bbd47fc00a2c39e90264f33305004495a9","hash":"3530c853459c00ce2f5246b3747167fe197d28dc"}
,"C:\\Users\\Katrina\\Documents\\trabalho-microsservico\\backend\\api-gateway\\src\\application\\use-cases\\RegisterUser.js": {"path":"C:\\Users\\Katrina\\Documents\\trabalho-microsservico\\backend\\api-gateway\\src\\application\\use-cases\\RegisterUser.js","statementMap":{"0":{"start":{"line":1,"column":13},"end":{"line":1,"column":50}},"1":{"start":{"line":5,"column":4},"end":{"line":5,"column":41}},"2":{"start":{"line":6,"column":4},"end":{"line":6,"column":41}},"3":{"start":{"line":27,"column":25},"end":{"line":27,"column":75}},"4":{"start":{"line":29,"column":4},"end":{"line":31,"column":5}},"5":{"start":{"line":30,"column":6},"end":{"line":30,"column":43}},"6":{"start":{"line":33,"column":17},"end":{"line":33,"column":55}},"7":{"start":{"line":34,"column":27},"end":{"line":34,"column":72}},"8":{"start":{"line":37,"column":4},"end":{"line":41,"column":7}},"9":{"start":{"line":45,"column":0},"end":{"line":45,"column":30}}},"fnMap":{"0":{"name":"(anonymous_0)","decl":{"start":{"line":4,"column":2},"end":{"line":4,"column":3}},"loc":{"start":{"line":4,"column":46},"end":{"line":7,"column":3}},"line":4},"1":{"name":"(anonymous_1)","decl":{"start":{"line":25,"column":0},"end":{"line":25,"column":1}},"loc":{"start":{"line":25,"column":44},"end":{"line":42,"column":3}},"line":25}},"branchMap":{"0":{"loc":{"start":{"line":29,"column":4},"end":{"line":31,"column":5}},"type":"if","locations":[{"start":{"line":29,"column":4},"end":{"line":31,"column":5}},{"start":{},"end":{}}],"line":29}},"s":{"0":1,"1":2,"2":2,"3":2,"4":2,"5":1,"6":1,"7":1,"8":1,"9":1},"f":{"0":2,"1":2},"b":{"0":[1,1]},"_coverageSchema":"1a1c01bbd47fc00a2c39e90264f33305004495a9","hash":"e7582eb8efae3fa22c3cb0340e46021433574ad5"}
,"C:\\Users\\Katrina\\Documents\\trabalho-microsservico\\backend\\api-gateway\\src\\application\\use-cases\\ValidateToken.js": {"path":"C:\\Users\\Katrina\\Documents\\trabalho-microsservico\\backend\\api-gateway\\src\\application\\use-cases\\ValidateToken.js","statementMap":{"0":{"start":{"line":3,"column":4},"end":{"line":3,"column":33}},"1":{"start":{"line":7,"column":4},"end":{"line":7,"column":41}},"2":{"start":{"line":11,"column":0},"end":{"line":11,"column":31}}},"fnMap":{"0":{"name":"(anonymous_0)","decl":{"start":{"line":2,"column":2},"end":{"line":2,"column":3}},"loc":{"start":{"line":2,"column":26},"end":{"line":4,"column":3}},"line":2},"1":{"name":"(anonymous_1)","decl":{"start":{"line":6,"column":2},"end":{"line":6,"column":3}},"loc":{"start":{"line":6,"column":17},"end":{"line":8,"column":3}},"line":6}},"branchMap":{},"s":{"0":1,"1":1,"2":1},"f":{"0":1,"1":1},"b":{},"_coverageSchema":"1a1c01bbd47fc00a2c39e90264f33305004495a9","hash":"c761b9c22a0e62e20a2b596e3f9428122058ba5d"}
,"C:\\Users\\Katrina\\Documents\\trabalho-microsservico\\backend\\api-gateway\\src\\domain\\entities\\User.js": {"path":"C:\\Users\\Katrina\\Documents\\trabalho-microsservico\\backend\\api-gateway\\src\\domain\\entities\\User.js","statementMap":{"0":{"start":{"line":3,"column":4},"end":{"line":5,"column":5}},"1":{"start":{"line":4,"column":6},"end":{"line":4,"column":48}},"2":{"start":{"line":7,"column":4},"end":{"line":9,"column":5}},"3":{"start":{"line":8,"column":6},"end":{"line":8,"column":67}},"4":{"start":{"line":11,"column":4},"end":{"line":13,"column":5}},"5":{"start":{"line":12,"column":6},"end":{"line":12,"column":50}},"6":{"start":{"line":15,"column":4},"end":{"line":15,"column":29}},"7":{"start":{"line":16,"column":4},"end":{"line":16,"column":29}},"8":{"start":{"line":17,"column":4},"end":{"line":17,"column":21}},"9":{"start":{"line":21,"column":0},"end":{"line":21,"column":22}}},"fnMap":{"0":{"name":"(anonymous_0)","decl":{"start":{"line":2,"column":2},"end":{"line":2,"column":3}},"loc":{"start":{"line":2,"column":53},"end":{"line":18,"column":3}},"line":2}},"branchMap":{"0":{"loc":{"start":{"line":2,"column":36},"end":{"line":2,"column":49}},"type":"default-arg","locations":[{"start":{"line":2,"column":43},"end":{"line":2,"column":49}}],"line":2},"1":{"loc":{"start":{"line":3,"column":4},"end":{"line":5,"column":5}},"type":"if","locations":[{"start":{"line":3,"column":4},"end":{"line":5,"column":5}},{"start":{},"end":{}}],"line":3},"2":{"loc":{"start":{"line":3,"column":8},"end":{"line":3,"column":49}},"type":"binary-expr","locations":[{"start":{"line":3,"column":8},"end":{"line":3,"column":17}},{"start":{"line":3,"column":21},"end":{"line":3,"column":49}}],"line":3},"3":{"loc":{"start":{"line":7,"column":4},"end":{"line":9,"column":5}},"type":"if","locations":[{"start":{"line":7,"column":4},"end":{"line":9,"column":5}},{"start":{},"end":{}}],"line":7},"4":{"loc":{"start":{"line":7,"column":8},"end":{"line":7,"column":72}},"type":"binary-expr","locations":[{"start":{"line":7,"column":8},"end":{"line":7,"column":17}},{"start":{"line":7,"column":21},"end":{"line":7,"column":49}},{"start":{"line":7,"column":53},"end":{"line":7,"column":72}}],"line":7},"5":{"loc":{"start":{"line":11,"column":4},"end":{"line":13,"column":5}},"type":"if","locations":[{"start":{"line":11,"column":4},"end":{"line":13,"column":5}},{"start":{},"end":{}}],"line":11}},"s":{"0":1,"1":0,"2":1,"3":0,"4":1,"5":0,"6":1,"7":1,"8":1,"9":1},"f":{"0":1},"b":{"0":[0],"1":[0,1],"2":[1,1],"3":[0,1],"4":[1,1,1],"5":[0,1]},"_coverageSchema":"1a1c01bbd47fc00a2c39e90264f33305004495a9","hash":"63586a01b7b6c3d62dc26889090eaa41a263c2e1"}
}
