{"C:\\Users\\Brenda\\Downloads\\trabalho-microsservico\\backend\\api-gateway\\src\\app.js": {"path":"C:\\Users\\Brenda\\Downloads\\trabalho-microsservico\\backend\\api-gateway\\src\\app.js","statementMap":{"0":{"start":{"line":1,"column":16},"end":{"line":1,"column":34}},"1":{"start":{"line":2,"column":13},"end":{"line":2,"column":28}},"2":{"start":{"line":3,"column":18},"end":{"line":3,"column":47}},"3":{"start":{"line":4,"column":24},"end":{"line":4,"column":49}},"4":{"start":{"line":10,"column":4},"end":{"line":10,"column":59}},"5":{"start":{"line":12,"column":23},"end":{"line":12,"column":75}},"6":{"start":{"line":13,"column":30},"end":{"line":13,"column":82}},"7":{"start":{"line":16,"column":26},"end":{"line":16,"column":84}},"8":{"start":{"line":17,"column":23},"end":{"line":17,"column":74}},"9":{"start":{"line":18,"column":19},"end":{"line":18,"column":66}},"10":{"start":{"line":19,"column":19},"end":{"line":19,"column":62}},"11":{"start":{"line":20,"column":22},"end":{"line":20,"column":68}},"12":{"start":{"line":23,"column":21},"end":{"line":23,"column":68}},"13":{"start":{"line":24,"column":18},"end":{"line":24,"column":62}},"14":{"start":{"line":25,"column":22},"end":{"line":25,"column":70}},"15":{"start":{"line":28,"column":23},"end":{"line":28,"column":75}},"16":{"start":{"line":29,"column":31},"end":{"line":29,"column":91}},"17":{"start":{"line":30,"column":34},"end":{"line":30,"column":97}},"18":{"start":{"line":33,"column":19},"end":{"line":33,"column":62}},"19":{"start":{"line":34,"column":20},"end":{"line":34,"column":64}},"20":{"start":{"line":35,"column":23},"end":{"line":35,"column":70}},"21":{"start":{"line":36,"column":21},"end":{"line":36,"column":66}},"22":{"start":{"line":39,"column":18},"end":{"line":39,"column":64}},"23":{"start":{"line":41,"column":12},"end":{"line":41,"column":21}},"24":{"start":{"line":43,"column":0},"end":{"line":43,"column":24}},"25":{"start":{"line":44,"column":0},"end":{"line":44,"column":16}},"26":{"start":{"line":48,"column":0},"end":{"line":48,"column":27}},"27":{"start":{"line":50,"column":0},"end":{"line":50,"column":37}},"28":{"start":{"line":54,"column":0},"end":{"line":57,"column":1}},"29":{"start":{"line":55,"column":2},"end":{"line":55,"column":74}},"30":{"start":{"line":56,"column":2},"end":{"line":56,"column":49}},"31":{"start":{"line":61,"column":23},"end":{"line":61,"column":46}},"32":{"start":{"line":62,"column":23},"end":{"line":62,"column":43}},"33":{"start":{"line":64,"column":0},"end":{"line":66,"column":1}},"34":{"start":{"line":65,"column":2},"end":{"line":65,"column":48}},"35":{"start":{"line":68,"column":19},"end":{"line":70,"column":1}},"36":{"start":{"line":72,"column":19},"end":{"line":74,"column":1}},"37":{"start":{"line":76,"column":22},"end":{"line":78,"column":1}},"38":{"start":{"line":80,"column":21},"end":{"line":80,"column":69}},"39":{"start":{"line":81,"column":18},"end":{"line":81,"column":75}},"40":{"start":{"line":82,"column":22},"end":{"line":82,"column":51}},"41":{"start":{"line":84,"column":23},"end":{"line":84,"column":66}},"42":{"start":{"line":85,"column":31},"end":{"line":85,"column":69}},"43":{"start":{"line":86,"column":34},"end":{"line":86,"column":78}},"44":{"start":{"line":88,"column":23},"end":{"line":88,"column":59}},"45":{"start":{"line":92,"column":0},"end":{"line":94,"column":3}},"46":{"start":{"line":93,"column":2},"end":{"line":93,"column":34}},"47":{"start":{"line":98,"column":0},"end":{"line":98,"column":36}},"48":{"start":{"line":99,"column":0},"end":{"line":99,"column":77}},"49":{"start":{"line":100,"column":0},"end":{"line":100,"column":67}},"50":{"start":{"line":101,"column":0},"end":{"line":101,"column":24}},"51":{"start":{"line":106,"column":2},"end":{"line":112,"column":3}},"52":{"start":{"line":107,"column":4},"end":{"line":107,"column":35}},"53":{"start":{"line":108,"column":4},"end":{"line":108,"column":42}},"54":{"start":{"line":109,"column":4},"end":{"line":109,"column":62}},"55":{"start":{"line":111,"column":4},"end":{"line":111,"column":55}},"56":{"start":{"line":115,"column":0},"end":{"line":115,"column":19}},"57":{"start":{"line":117,"column":0},"end":{"line":117,"column":21}}},"fnMap":{"0":{"name":"(anonymous_0)","decl":{"start":{"line":92,"column":13},"end":{"line":92,"column":14}},"loc":{"start":{"line":92,"column":27},"end":{"line":94,"column":1}},"line":92},"1":{"name":"inicializarBanco","decl":{"start":{"line":105,"column":15},"end":{"line":105,"column":31}},"loc":{"start":{"line":105,"column":34},"end":{"line":113,"column":1}},"line":105}},"branchMap":{"0":{"loc":{"start":{"line":54,"column":0},"end":{"line":57,"column":1}},"type":"if","locations":[{"start":{"line":54,"column":0},"end":{"line":57,"column":1}},{"start":{},"end":{}}],"line":54},"1":{"loc":{"start":{"line":64,"column":0},"end":{"line":66,"column":1}},"type":"if","locations":[{"start":{"line":64,"column":0},"end":{"line":66,"column":1}},{"start":{},"end":{}}],"line":64},"2":{"loc":{"start":{"line":64,"column":4},"end":{"line":64,"column":68}},"type":"binary-expr","locations":[{"start":{"line":64,"column":4},"end":{"line":64,"column":27}},{"start":{"line":64,"column":31},"end":{"line":64,"column":68}}],"line":64},"3":{"loc":{"start":{"line":69,"column":2},"end":{"line":69,"column":50}},"type":"binary-expr","locations":[{"start":{"line":69,"column":2},"end":{"line":69,"column":24}},{"start":{"line":69,"column":28},"end":{"line":69,"column":50}}],"line":69},"4":{"loc":{"start":{"line":73,"column":2},"end":{"line":73,"column":62}},"type":"binary-expr","locations":[{"start":{"line":73,"column":2},"end":{"line":73,"column":31}},{"start":{"line":73,"column":35},"end":{"line":73,"column":62}}],"line":73},"5":{"loc":{"start":{"line":77,"column":2},"end":{"line":77,"column":68}},"type":"binary-expr","locations":[{"start":{"line":77,"column":2},"end":{"line":77,"column":34}},{"start":{"line":77,"column":38},"end":{"line":77,"column":68}}],"line":77}},"s":{"0":1,"1":1,"2":1,"3":1,"4":1,"5":1,"6":1,"7":1,"8":1,"9":1,"10":1,"11":1,"12":1,"13":1,"14":1,"15":1,"16":1,"17":1,"18":1,"19":1,"20":1,"21":1,"22":1,"23":1,"24":1,"25":1,"26":1,"27":1,"28":1,"29":1,"30":1,"31":1,"32":1,"33":1,"34":0,"35":1,"36":1,"37":1,"38":1,"39":1,"40":1,"41":1,"42":1,"43":1,"44":1,"45":1,"46":1,"47":1,"48":1,"49":1,"50":1,"51":1,"52":1,"53":1,"54":1,"55":0,"56":1,"57":1},"f":{"0":1,"1":1},"b":{"0":[1,0],"1":[0,1],"2":[1,0],"3":[1,0],"4":[1,1],"5":[1,1]},"_coverageSchema":"1a1c01bbd47fc00a2c39e90264f33305004495a9","hash":"7ab198da2076b04ebb4765a0c7db5327d9a2ba7a"}
,"C:\\Users\\Brenda\\Downloads\\trabalho-microsservico\\backend\\api-gateway\\src\\application\\use-cases\\LoginUser.js": {"path":"C:\\Users\\Brenda\\Downloads\\trabalho-microsservico\\backend\\api-gateway\\src\\application\\use-cases\\LoginUser.js","statementMap":{"0":{"start":{"line":41,"column":4},"end":{"line":41,"column":41}},"1":{"start":{"line":42,"column":4},"end":{"line":42,"column":41}},"2":{"start":{"line":43,"column":4},"end":{"line":43,"column":33}},"3":{"start":{"line":47,"column":17},"end":{"line":47,"column":67}},"4":{"start":{"line":49,"column":4},"end":{"line":51,"column":5}},"5":{"start":{"line":50,"column":6},"end":{"line":50,"column":48}},"6":{"start":{"line":53,"column":26},"end":{"line":56,"column":5}},"7":{"start":{"line":58,"column":4},"end":{"line":60,"column":5}},"8":{"start":{"line":59,"column":6},"end":{"line":59,"column":40}},"9":{"start":{"line":63,"column":18},"end":{"line":67,"column":6}},"10":{"start":{"line":69,"column":4},"end":{"line":74,"column":6}},"11":{"start":{"line":78,"column":0},"end":{"line":78,"column":27}}},"fnMap":{"0":{"name":"(anonymous_0)","decl":{"start":{"line":40,"column":2},"end":{"line":40,"column":3}},"loc":{"start":{"line":40,"column":58},"end":{"line":44,"column":3}},"line":40},"1":{"name":"(anonymous_1)","decl":{"start":{"line":46,"column":2},"end":{"line":46,"column":3}},"loc":{"start":{"line":46,"column":40},"end":{"line":75,"column":3}},"line":46}},"branchMap":{"0":{"loc":{"start":{"line":49,"column":4},"end":{"line":51,"column":5}},"type":"if","locations":[{"start":{"line":49,"column":4},"end":{"line":51,"column":5}},{"start":{},"end":{}}],"line":49},"1":{"loc":{"start":{"line":58,"column":4},"end":{"line":60,"column":5}},"type":"if","locations":[{"start":{"line":58,"column":4},"end":{"line":60,"column":5}},{"start":{},"end":{}}],"line":58}},"s":{"0":3,"1":3,"2":3,"3":2,"4":2,"5":0,"6":2,"7":2,"8":1,"9":1,"10":1,"11":2},"f":{"0":3,"1":2},"b":{"0":[0,2],"1":[1,1]},"_coverageSchema":"1a1c01bbd47fc00a2c39e90264f33305004495a9","hash":"199419bdecb52c0d5e376609212df64e5d4b3ead"}
,"C:\\Users\\Brenda\\Downloads\\trabalho-microsservico\\backend\\api-gateway\\src\\application\\use-cases\\RegisterUser.js": {"path":"C:\\Users\\Brenda\\Downloads\\trabalho-microsservico\\backend\\api-gateway\\src\\application\\use-cases\\RegisterUser.js","statementMap":{"0":{"start":{"line":1,"column":13},"end":{"line":1,"column":50}},"1":{"start":{"line":5,"column":4},"end":{"line":5,"column":41}},"2":{"start":{"line":6,"column":4},"end":{"line":6,"column":41}},"3":{"start":{"line":27,"column":25},"end":{"line":27,"column":75}},"4":{"start":{"line":29,"column":4},"end":{"line":31,"column":5}},"5":{"start":{"line":30,"column":6},"end":{"line":30,"column":43}},"6":{"start":{"line":33,"column":17},"end":{"line":33,"column":55}},"7":{"start":{"line":34,"column":27},"end":{"line":34,"column":72}},"8":{"start":{"line":37,"column":4},"end":{"line":41,"column":7}},"9":{"start":{"line":45,"column":0},"end":{"line":45,"column":30}}},"fnMap":{"0":{"name":"(anonymous_0)","decl":{"start":{"line":4,"column":2},"end":{"line":4,"column":3}},"loc":{"start":{"line":4,"column":46},"end":{"line":7,"column":3}},"line":4},"1":{"name":"(anonymous_1)","decl":{"start":{"line":25,"column":0},"end":{"line":25,"column":1}},"loc":{"start":{"line":25,"column":44},"end":{"line":42,"column":3}},"line":25}},"branchMap":{"0":{"loc":{"start":{"line":29,"column":4},"end":{"line":31,"column":5}},"type":"if","locations":[{"start":{"line":29,"column":4},"end":{"line":31,"column":5}},{"start":{},"end":{}}],"line":29}},"s":{"0":2,"1":3,"2":3,"3":2,"4":2,"5":1,"6":1,"7":1,"8":1,"9":2},"f":{"0":3,"1":2},"b":{"0":[1,1]},"_coverageSchema":"1a1c01bbd47fc00a2c39e90264f33305004495a9","hash":"6dda39151c4217dd8d4956fffd123a015e2451df"}
,"C:\\Users\\Brenda\\Downloads\\trabalho-microsservico\\backend\\api-gateway\\src\\application\\use-cases\\ValidateToken.js": {"path":"C:\\Users\\Brenda\\Downloads\\trabalho-microsservico\\backend\\api-gateway\\src\\application\\use-cases\\ValidateToken.js","statementMap":{"0":{"start":{"line":3,"column":4},"end":{"line":3,"column":33}},"1":{"start":{"line":7,"column":4},"end":{"line":7,"column":41}},"2":{"start":{"line":11,"column":0},"end":{"line":11,"column":31}}},"fnMap":{"0":{"name":"(anonymous_0)","decl":{"start":{"line":2,"column":2},"end":{"line":2,"column":3}},"loc":{"start":{"line":2,"column":26},"end":{"line":4,"column":3}},"line":2},"1":{"name":"(anonymous_1)","decl":{"start":{"line":6,"column":2},"end":{"line":6,"column":3}},"loc":{"start":{"line":6,"column":17},"end":{"line":8,"column":3}},"line":6}},"branchMap":{},"s":{"0":2,"1":1,"2":2},"f":{"0":2,"1":1},"b":{},"_coverageSchema":"1a1c01bbd47fc00a2c39e90264f33305004495a9","hash":"3634716de9f029aa5327b29147d326660ca00530"}
,"C:\\Users\\Brenda\\Downloads\\trabalho-microsservico\\backend\\api-gateway\\src\\domain\\entities\\User.js": {"path":"C:\\Users\\Brenda\\Downloads\\trabalho-microsservico\\backend\\api-gateway\\src\\domain\\entities\\User.js","statementMap":{"0":{"start":{"line":3,"column":4},"end":{"line":5,"column":5}},"1":{"start":{"line":4,"column":6},"end":{"line":4,"column":48}},"2":{"start":{"line":7,"column":4},"end":{"line":9,"column":5}},"3":{"start":{"line":8,"column":6},"end":{"line":8,"column":67}},"4":{"start":{"line":11,"column":4},"end":{"line":13,"column":5}},"5":{"start":{"line":12,"column":6},"end":{"line":12,"column":50}},"6":{"start":{"line":15,"column":4},"end":{"line":15,"column":29}},"7":{"start":{"line":16,"column":4},"end":{"line":16,"column":29}},"8":{"start":{"line":17,"column":4},"end":{"line":17,"column":21}},"9":{"start":{"line":21,"column":0},"end":{"line":21,"column":22}}},"fnMap":{"0":{"name":"(anonymous_0)","decl":{"start":{"line":2,"column":2},"end":{"line":2,"column":3}},"loc":{"start":{"line":2,"column":53},"end":{"line":18,"column":3}},"line":2}},"branchMap":{"0":{"loc":{"start":{"line":2,"column":36},"end":{"line":2,"column":49}},"type":"default-arg","locations":[{"start":{"line":2,"column":43},"end":{"line":2,"column":49}}],"line":2},"1":{"loc":{"start":{"line":3,"column":4},"end":{"line":5,"column":5}},"type":"if","locations":[{"start":{"line":3,"column":4},"end":{"line":5,"column":5}},{"start":{},"end":{}}],"line":3},"2":{"loc":{"start":{"line":3,"column":8},"end":{"line":3,"column":49}},"type":"binary-expr","locations":[{"start":{"line":3,"column":8},"end":{"line":3,"column":17}},{"start":{"line":3,"column":21},"end":{"line":3,"column":49}}],"line":3},"3":{"loc":{"start":{"line":7,"column":4},"end":{"line":9,"column":5}},"type":"if","locations":[{"start":{"line":7,"column":4},"end":{"line":9,"column":5}},{"start":{},"end":{}}],"line":7},"4":{"loc":{"start":{"line":7,"column":8},"end":{"line":7,"column":72}},"type":"binary-expr","locations":[{"start":{"line":7,"column":8},"end":{"line":7,"column":17}},{"start":{"line":7,"column":21},"end":{"line":7,"column":49}},{"start":{"line":7,"column":53},"end":{"line":7,"column":72}}],"line":7},"5":{"loc":{"start":{"line":11,"column":4},"end":{"line":13,"column":5}},"type":"if","locations":[{"start":{"line":11,"column":4},"end":{"line":13,"column":5}},{"start":{},"end":{}}],"line":11}},"s":{"0":1,"1":0,"2":1,"3":0,"4":1,"5":0,"6":1,"7":1,"8":1,"9":2},"f":{"0":1},"b":{"0":[0],"1":[0,1],"2":[1,1],"3":[0,1],"4":[1,1,1],"5":[0,1]},"_coverageSchema":"1a1c01bbd47fc00a2c39e90264f33305004495a9","hash":"88e72b9eab5f09ea0a6cf223f8bac786b3e24127"}
,"C:\\Users\\Brenda\\Downloads\\trabalho-microsservico\\backend\\api-gateway\\src\\infrastructure\\http\\BookingsProxy.js": {"path":"C:\\Users\\Brenda\\Downloads\\trabalho-microsservico\\backend\\api-gateway\\src\\infrastructure\\http\\BookingsProxy.js","statementMap":{"0":{"start":{"line":1,"column":14},"end":{"line":1,"column":30}},"1":{"start":{"line":5,"column":4},"end":{"line":5,"column":44}},"2":{"start":{"line":10,"column":4},"end":{"line":15,"column":6}},"3":{"start":{"line":19,"column":21},"end":{"line":19,"column":97}},"4":{"start":{"line":20,"column":4},"end":{"line":20,"column":25}},"5":{"start":{"line":24,"column":21},"end":{"line":24,"column":93}},"6":{"start":{"line":25,"column":4},"end":{"line":25,"column":25}},"7":{"start":{"line":29,"column":21},"end":{"line":29,"column":102}},"8":{"start":{"line":30,"column":4},"end":{"line":30,"column":25}},"9":{"start":{"line":34,"column":21},"end":{"line":34,"column":99}},"10":{"start":{"line":35,"column":4},"end":{"line":35,"column":25}},"11":{"start":{"line":39,"column":0},"end":{"line":39,"column":31}}},"fnMap":{"0":{"name":"(anonymous_0)","decl":{"start":{"line":4,"column":2},"end":{"line":4,"column":3}},"loc":{"start":{"line":4,"column":23},"end":{"line":6,"column":3}},"line":4},"1":{"name":"(anonymous_1)","decl":{"start":{"line":9,"column":2},"end":{"line":9,"column":3}},"loc":{"start":{"line":9,"column":31},"end":{"line":16,"column":3}},"line":9},"2":{"name":"(anonymous_2)","decl":{"start":{"line":18,"column":0},"end":{"line":18,"column":1}},"loc":{"start":{"line":18,"column":44},"end":{"line":21,"column":3}},"line":18},"3":{"name":"(anonymous_3)","decl":{"start":{"line":23,"column":2},"end":{"line":23,"column":3}},"loc":{"start":{"line":23,"column":42},"end":{"line":26,"column":3}},"line":23},"4":{"name":"(anonymous_4)","decl":{"start":{"line":28,"column":2},"end":{"line":28,"column":3}},"loc":{"start":{"line":28,"column":48},"end":{"line":31,"column":3}},"line":28},"5":{"name":"(anonymous_5)","decl":{"start":{"line":33,"column":2},"end":{"line":33,"column":3}},"loc":{"start":{"line":33,"column":44},"end":{"line":36,"column":3}},"line":33}},"branchMap":{},"s":{"0":2,"1":5,"2":4,"3":1,"4":1,"5":1,"6":1,"7":1,"8":1,"9":1,"10":1,"11":2},"f":{"0":5,"1":4,"2":1,"3":1,"4":1,"5":1},"b":{},"_coverageSchema":"1a1c01bbd47fc00a2c39e90264f33305004495a9","hash":"b060b7ac49207fd7c18858fb648a068fbf9f0292"}
,"C:\\Users\\Brenda\\Downloads\\trabalho-microsservico\\backend\\api-gateway\\src\\infrastructure\\http\\RoomsProxy.js": {"path":"C:\\Users\\Brenda\\Downloads\\trabalho-microsservico\\backend\\api-gateway\\src\\infrastructure\\http\\RoomsProxy.js","statementMap":{"0":{"start":{"line":1,"column":14},"end":{"line":1,"column":30}},"1":{"start":{"line":5,"column":4},"end":{"line":5,"column":44}},"2":{"start":{"line":9,"column":21},"end":{"line":13,"column":6}},"3":{"start":{"line":15,"column":4},"end":{"line":15,"column":25}},"4":{"start":{"line":19,"column":21},"end":{"line":23,"column":6}},"5":{"start":{"line":24,"column":4},"end":{"line":24,"column":25}},"6":{"start":{"line":28,"column":21},"end":{"line":32,"column":6}},"7":{"start":{"line":33,"column":4},"end":{"line":33,"column":25}},"8":{"start":{"line":37,"column":21},"end":{"line":41,"column":6}},"9":{"start":{"line":42,"column":4},"end":{"line":42,"column":25}},"10":{"start":{"line":46,"column":21},"end":{"line":54,"column":5}},"11":{"start":{"line":55,"column":4},"end":{"line":55,"column":25}},"12":{"start":{"line":59,"column":0},"end":{"line":59,"column":28}}},"fnMap":{"0":{"name":"(anonymous_0)","decl":{"start":{"line":4,"column":2},"end":{"line":4,"column":3}},"loc":{"start":{"line":4,"column":23},"end":{"line":6,"column":3}},"line":4},"1":{"name":"(anonymous_1)","decl":{"start":{"line":8,"column":2},"end":{"line":8,"column":3}},"loc":{"start":{"line":8,"column":24},"end":{"line":16,"column":3}},"line":8},"2":{"name":"(anonymous_2)","decl":{"start":{"line":18,"column":2},"end":{"line":18,"column":3}},"loc":{"start":{"line":18,"column":32},"end":{"line":25,"column":3}},"line":18},"3":{"name":"(anonymous_3)","decl":{"start":{"line":27,"column":2},"end":{"line":27,"column":3}},"loc":{"start":{"line":27,"column":36},"end":{"line":34,"column":3}},"line":27},"4":{"name":"(anonymous_4)","decl":{"start":{"line":36,"column":2},"end":{"line":36,"column":3}},"loc":{"start":{"line":36,"column":30},"end":{"line":43,"column":3}},"line":36},"5":{"name":"(anonymous_5)","decl":{"start":{"line":45,"column":2},"end":{"line":45,"column":3}},"loc":{"start":{"line":45,"column":30},"end":{"line":56,"column":3}},"line":45}},"branchMap":{},"s":{"0":2,"1":6,"2":1,"3":1,"4":1,"5":1,"6":1,"7":1,"8":1,"9":1,"10":1,"11":1,"12":2},"f":{"0":6,"1":1,"2":1,"3":1,"4":1,"5":1},"b":{},"_coverageSchema":"1a1c01bbd47fc00a2c39e90264f33305004495a9","hash":"5c0fba52178efb27ac428230c88b2be07ae2a4f5"}
,"C:\\Users\\Brenda\\Downloads\\trabalho-microsservico\\backend\\api-gateway\\src\\infrastructure\\security\\JWTService.js": {"path":"C:\\Users\\Brenda\\Downloads\\trabalho-microsservico\\backend\\api-gateway\\src\\infrastructure\\security\\JWTService.js","statementMap":{"0":{"start":{"line":1,"column":12},"end":{"line":1,"column":35}},"1":{"start":{"line":5,"column":4},"end":{"line":5,"column":25}},"2":{"start":{"line":9,"column":4},"end":{"line":9,"column":63}},"3":{"start":{"line":13,"column":4},"end":{"line":13,"column":42}},"4":{"start":{"line":17,"column":0},"end":{"line":17,"column":28}}},"fnMap":{"0":{"name":"(anonymous_0)","decl":{"start":{"line":4,"column":2},"end":{"line":4,"column":3}},"loc":{"start":{"line":4,"column":22},"end":{"line":6,"column":3}},"line":4},"1":{"name":"(anonymous_1)","decl":{"start":{"line":8,"column":2},"end":{"line":8,"column":3}},"loc":{"start":{"line":8,"column":16},"end":{"line":10,"column":3}},"line":8},"2":{"name":"(anonymous_2)","decl":{"start":{"line":12,"column":2},"end":{"line":12,"column":3}},"loc":{"start":{"line":12,"column":16},"end":{"line":14,"column":3}},"line":12}},"branchMap":{},"s":{"0":2,"1":2,"2":1,"3":2,"4":2},"f":{"0":2,"1":1,"2":2},"b":{},"_coverageSchema":"1a1c01bbd47fc00a2c39e90264f33305004495a9","hash":"903bdd9a0543c414821467fa6e80a22eced4c718"}
,"C:\\Users\\Brenda\\Downloads\\trabalho-microsservico\\backend\\api-gateway\\src\\infrastructure\\security\\PasswordHasher.js": {"path":"C:\\Users\\Brenda\\Downloads\\trabalho-microsservico\\backend\\api-gateway\\src\\infrastructure\\security\\PasswordHasher.js","statementMap":{"0":{"start":{"line":1,"column":15},"end":{"line":1,"column":34}},"1":{"start":{"line":5,"column":4},"end":{"line":5,"column":37}},"2":{"start":{"line":9,"column":4},"end":{"line":9,"column":52}},"3":{"start":{"line":13,"column":0},"end":{"line":13,"column":32}}},"fnMap":{"0":{"name":"(anonymous_0)","decl":{"start":{"line":4,"column":2},"end":{"line":4,"column":3}},"loc":{"start":{"line":4,"column":23},"end":{"line":6,"column":3}},"line":4},"1":{"name":"(anonymous_1)","decl":{"start":{"line":8,"column":2},"end":{"line":8,"column":3}},"loc":{"start":{"line":8,"column":42},"end":{"line":10,"column":3}},"line":8}},"branchMap":{},"s":{"0":2,"1":2,"2":2,"3":2},"f":{"0":2,"1":2},"b":{},"_coverageSchema":"1a1c01bbd47fc00a2c39e90264f33305004495a9","hash":"8b65982805461565db9d57f58eb0b2d49df2c3c3"}
,"C:\\Users\\Brenda\\Downloads\\trabalho-microsservico\\backend\\api-gateway\\src\\presentation\\controllers\\AuthController.js": {"path":"C:\\Users\\Brenda\\Downloads\\trabalho-microsservico\\backend\\api-gateway\\src\\presentation\\controllers\\AuthController.js","statementMap":{"0":{"start":{"line":3,"column":4},"end":{"line":3,"column":37}},"1":{"start":{"line":4,"column":4},"end":{"line":4,"column":31}},"2":{"start":{"line":7,"column":13},"end":{"line":19,"column":3}},"3":{"start":{"line":8,"column":4},"end":{"line":18,"column":5}},"4":{"start":{"line":9,"column":19},"end":{"line":9,"column":60}},"5":{"start":{"line":11,"column":6},"end":{"line":15,"column":9}},"6":{"start":{"line":17,"column":6},"end":{"line":17,"column":60}},"7":{"start":{"line":21,"column":10},"end":{"line":29,"column":3}},"8":{"start":{"line":22,"column":4},"end":{"line":28,"column":5}},"9":{"start":{"line":23,"column":21},"end":{"line":23,"column":59}},"10":{"start":{"line":25,"column":6},"end":{"line":25,"column":30}},"11":{"start":{"line":27,"column":6},"end":{"line":27,"column":60}},"12":{"start":{"line":31,"column":0},"end":{"line":31,"column":32}}},"fnMap":{"0":{"name":"(anonymous_0)","decl":{"start":{"line":2,"column":2},"end":{"line":2,"column":3}},"loc":{"start":{"line":2,"column":39},"end":{"line":5,"column":3}},"line":2},"1":{"name":"(anonymous_1)","decl":{"start":{"line":7,"column":13},"end":{"line":7,"column":14}},"loc":{"start":{"line":7,"column":33},"end":{"line":19,"column":3}},"line":7},"2":{"name":"(anonymous_2)","decl":{"start":{"line":21,"column":10},"end":{"line":21,"column":11}},"loc":{"start":{"line":21,"column":30},"end":{"line":29,"column":3}},"line":21}},"branchMap":{},"s":{"0":5,"1":5,"2":5,"3":2,"4":2,"5":1,"6":1,"7":5,"8":2,"9":2,"10":1,"11":1,"12":2},"f":{"0":5,"1":2,"2":2},"b":{},"_coverageSchema":"1a1c01bbd47fc00a2c39e90264f33305004495a9","hash":"7f5f19377b95fedffa83de583f9cd4801d86d2ff"}
,"C:\\Users\\Brenda\\Downloads\\trabalho-microsservico\\backend\\api-gateway\\src\\presentation\\controllers\\BookingsGatewayController.js": {"path":"C:\\Users\\Brenda\\Downloads\\trabalho-microsservico\\backend\\api-gateway\\src\\presentation\\controllers\\BookingsGatewayController.js","statementMap":{"0":{"start":{"line":3,"column":4},"end":{"line":3,"column":39}},"1":{"start":{"line":6,"column":9},"end":{"line":16,"column":3}},"2":{"start":{"line":7,"column":4},"end":{"line":15,"column":5}},"3":{"start":{"line":8,"column":21},"end":{"line":8,"column":32}},"4":{"start":{"line":9,"column":23},"end":{"line":9,"column":36}},"5":{"start":{"line":10,"column":22},"end":{"line":10,"column":88}},"6":{"start":{"line":11,"column":6},"end":{"line":11,"column":36}},"7":{"start":{"line":13,"column":18},"end":{"line":13,"column":120}},"8":{"start":{"line":14,"column":6},"end":{"line":14,"column":43}},"9":{"start":{"line":18,"column":21},"end":{"line":27,"column":3}},"10":{"start":{"line":19,"column":4},"end":{"line":26,"column":5}},"11":{"start":{"line":20,"column":21},"end":{"line":20,"column":32}},"12":{"start":{"line":21,"column":23},"end":{"line":21,"column":36}},"13":{"start":{"line":22,"column":23},"end":{"line":22,"column":81}},"14":{"start":{"line":23,"column":6},"end":{"line":23,"column":25}},"15":{"start":{"line":25,"column":6},"end":{"line":25,"column":76}},"16":{"start":{"line":29,"column":7},"end":{"line":40,"column":3}},"17":{"start":{"line":30,"column":4},"end":{"line":39,"column":5}},"18":{"start":{"line":31,"column":21},"end":{"line":31,"column":31}},"19":{"start":{"line":32,"column":21},"end":{"line":32,"column":32}},"20":{"start":{"line":33,"column":23},"end":{"line":33,"column":36}},"21":{"start":{"line":34,"column":22},"end":{"line":34,"column":90}},"22":{"start":{"line":35,"column":6},"end":{"line":35,"column":24}},"23":{"start":{"line":37,"column":18},"end":{"line":37,"column":121}},"24":{"start":{"line":38,"column":6},"end":{"line":38,"column":43}},"25":{"start":{"line":43,"column":9},"end":{"line":55,"column":3}},"26":{"start":{"line":44,"column":4},"end":{"line":54,"column":5}},"27":{"start":{"line":45,"column":21},"end":{"line":45,"column":31}},"28":{"start":{"line":46,"column":21},"end":{"line":46,"column":32}},"29":{"start":{"line":47,"column":23},"end":{"line":47,"column":36}},"30":{"start":{"line":49,"column":6},"end":{"line":49,"column":67}},"31":{"start":{"line":50,"column":6},"end":{"line":50,"column":29}},"32":{"start":{"line":52,"column":18},"end":{"line":52,"column":122}},"33":{"start":{"line":53,"column":6},"end":{"line":53,"column":43}},"34":{"start":{"line":58,"column":0},"end":{"line":58,"column":43}}},"fnMap":{"0":{"name":"(anonymous_0)","decl":{"start":{"line":2,"column":2},"end":{"line":2,"column":3}},"loc":{"start":{"line":2,"column":29},"end":{"line":4,"column":3}},"line":2},"1":{"name":"(anonymous_1)","decl":{"start":{"line":6,"column":9},"end":{"line":6,"column":10}},"loc":{"start":{"line":6,"column":29},"end":{"line":16,"column":3}},"line":6},"2":{"name":"(anonymous_2)","decl":{"start":{"line":18,"column":21},"end":{"line":18,"column":22}},"loc":{"start":{"line":18,"column":41},"end":{"line":27,"column":3}},"line":18},"3":{"name":"(anonymous_3)","decl":{"start":{"line":29,"column":7},"end":{"line":29,"column":8}},"loc":{"start":{"line":29,"column":27},"end":{"line":40,"column":3}},"line":29},"4":{"name":"(anonymous_4)","decl":{"start":{"line":43,"column":9},"end":{"line":43,"column":10}},"loc":{"start":{"line":43,"column":29},"end":{"line":55,"column":3}},"line":43}},"branchMap":{"0":{"loc":{"start":{"line":13,"column":18},"end":{"line":13,"column":120}},"type":"cond-expr","locations":[{"start":{"line":13,"column":58},"end":{"line":13,"column":83}},{"start":{"line":13,"column":86},"end":{"line":13,"column":120}}],"line":13},"1":{"loc":{"start":{"line":13,"column":18},"end":{"line":13,"column":55}},"type":"binary-expr","locations":[{"start":{"line":13,"column":18},"end":{"line":13,"column":32}},{"start":{"line":13,"column":36},"end":{"line":13,"column":55}}],"line":13},"2":{"loc":{"start":{"line":37,"column":18},"end":{"line":37,"column":121}},"type":"cond-expr","locations":[{"start":{"line":37,"column":58},"end":{"line":37,"column":83}},{"start":{"line":37,"column":86},"end":{"line":37,"column":121}}],"line":37},"3":{"loc":{"start":{"line":37,"column":18},"end":{"line":37,"column":55}},"type":"binary-expr","locations":[{"start":{"line":37,"column":18},"end":{"line":37,"column":32}},{"start":{"line":37,"column":36},"end":{"line":37,"column":55}}],"line":37},"4":{"loc":{"start":{"line":52,"column":18},"end":{"line":52,"column":122}},"type":"cond-expr","locations":[{"start":{"line":52,"column":58},"end":{"line":52,"column":83}},{"start":{"line":52,"column":86},"end":{"line":52,"column":122}}],"line":52},"5":{"loc":{"start":{"line":52,"column":18},"end":{"line":52,"column":55}},"type":"binary-expr","locations":[{"start":{"line":52,"column":18},"end":{"line":52,"column":32}},{"start":{"line":52,"column":36},"end":{"line":52,"column":55}}],"line":52}},"s":{"0":9,"1":9,"2":2,"3":2,"4":2,"5":2,"6":1,"7":1,"8":1,"9":9,"10":2,"11":2,"12":2,"13":2,"14":1,"15":1,"16":9,"17":2,"18":2,"19":2,"20":2,"21":2,"22":1,"23":1,"24":1,"25":9,"26":2,"27":2,"28":2,"29":2,"30":2,"31":1,"32":1,"33":1,"34":2},"f":{"0":9,"1":2,"2":2,"3":2,"4":2},"b":{"0":[1,0],"1":[1,1],"2":[1,0],"3":[1,1],"4":[1,0],"5":[1,1]},"_coverageSchema":"1a1c01bbd47fc00a2c39e90264f33305004495a9","hash":"26cac484281f1c722da142f17390af19399fc7e5"}
,"C:\\Users\\Brenda\\Downloads\\trabalho-microsservico\\backend\\api-gateway\\src\\presentation\\controllers\\RoomsGatewayController.js": {"path":"C:\\Users\\Brenda\\Downloads\\trabalho-microsservico\\backend\\api-gateway\\src\\presentation\\controllers\\RoomsGatewayController.js","statementMap":{"0":{"start":{"line":3,"column":4},"end":{"line":3,"column":33}},"1":{"start":{"line":6,"column":9},"end":{"line":17,"column":3}},"2":{"start":{"line":7,"column":4},"end":{"line":16,"column":5}},"3":{"start":{"line":8,"column":20},"end":{"line":8,"column":45}},"4":{"start":{"line":10,"column":20},"end":{"line":10,"column":57}},"5":{"start":{"line":12,"column":6},"end":{"line":12,"column":29}},"6":{"start":{"line":14,"column":6},"end":{"line":14,"column":41}},"7":{"start":{"line":15,"column":6},"end":{"line":15,"column":69}},"8":{"start":{"line":19,"column":11},"end":{"line":35,"column":3}},"9":{"start":{"line":20,"column":4},"end":{"line":34,"column":5}},"10":{"start":{"line":21,"column":20},"end":{"line":21,"column":45}},"11":{"start":{"line":22,"column":33},"end":{"line":22,"column":41}},"12":{"start":{"line":24,"column":6},"end":{"line":26,"column":7}},"13":{"start":{"line":25,"column":8},"end":{"line":25,"column":66}},"14":{"start":{"line":28,"column":19},"end":{"line":28,"column":78}},"15":{"start":{"line":30,"column":6},"end":{"line":30,"column":40}},"16":{"start":{"line":32,"column":6},"end":{"line":32,"column":43}},"17":{"start":{"line":33,"column":6},"end":{"line":33,"column":67}},"18":{"start":{"line":37,"column":11},"end":{"line":49,"column":3}},"19":{"start":{"line":38,"column":4},"end":{"line":48,"column":5}},"20":{"start":{"line":39,"column":20},"end":{"line":39,"column":45}},"21":{"start":{"line":40,"column":19},"end":{"line":44,"column":7}},"22":{"start":{"line":45,"column":6},"end":{"line":45,"column":28}},"23":{"start":{"line":47,"column":6},"end":{"line":47,"column":71}},"24":{"start":{"line":51,"column":11},"end":{"line":59,"column":3}},"25":{"start":{"line":52,"column":4},"end":{"line":58,"column":5}},"26":{"start":{"line":53,"column":20},"end":{"line":53,"column":45}},"27":{"start":{"line":54,"column":21},"end":{"line":54,"column":75}},"28":{"start":{"line":55,"column":6},"end":{"line":55,"column":30}},"29":{"start":{"line":57,"column":6},"end":{"line":57,"column":69}},"30":{"start":{"line":61,"column":11},"end":{"line":72,"column":3}},"31":{"start":{"line":62,"column":4},"end":{"line":71,"column":5}},"32":{"start":{"line":63,"column":20},"end":{"line":63,"column":45}},"33":{"start":{"line":65,"column":19},"end":{"line":65,"column":73}},"34":{"start":{"line":67,"column":6},"end":{"line":67,"column":28}},"35":{"start":{"line":69,"column":6},"end":{"line":69,"column":43}},"36":{"start":{"line":70,"column":6},"end":{"line":70,"column":68}},"37":{"start":{"line":75,"column":0},"end":{"line":75,"column":40}}},"fnMap":{"0":{"name":"(anonymous_0)","decl":{"start":{"line":2,"column":2},"end":{"line":2,"column":3}},"loc":{"start":{"line":2,"column":26},"end":{"line":4,"column":3}},"line":2},"1":{"name":"(anonymous_1)","decl":{"start":{"line":6,"column":9},"end":{"line":6,"column":10}},"loc":{"start":{"line":6,"column":29},"end":{"line":17,"column":3}},"line":6},"2":{"name":"(anonymous_2)","decl":{"start":{"line":19,"column":11},"end":{"line":19,"column":12}},"loc":{"start":{"line":19,"column":31},"end":{"line":35,"column":3}},"line":19},"3":{"name":"(anonymous_3)","decl":{"start":{"line":37,"column":11},"end":{"line":37,"column":12}},"loc":{"start":{"line":37,"column":31},"end":{"line":49,"column":3}},"line":37},"4":{"name":"(anonymous_4)","decl":{"start":{"line":51,"column":11},"end":{"line":51,"column":12}},"loc":{"start":{"line":51,"column":31},"end":{"line":59,"column":3}},"line":51},"5":{"name":"(anonymous_5)","decl":{"start":{"line":61,"column":11},"end":{"line":61,"column":12}},"loc":{"start":{"line":61,"column":31},"end":{"line":72,"column":3}},"line":61}},"branchMap":{"0":{"loc":{"start":{"line":24,"column":6},"end":{"line":26,"column":7}},"type":"if","locations":[{"start":{"line":24,"column":6},"end":{"line":26,"column":7}},{"start":{},"end":{}}],"line":24},"1":{"loc":{"start":{"line":24,"column":10},"end":{"line":24,"column":28}},"type":"binary-expr","locations":[{"start":{"line":24,"column":10},"end":{"line":24,"column":15}},{"start":{"line":24,"column":19},"end":{"line":24,"column":28}}],"line":24}},"s":{"0":12,"1":12,"2":2,"3":2,"4":2,"5":1,"6":1,"7":1,"8":12,"9":3,"10":3,"11":3,"12":3,"13":1,"14":2,"15":1,"16":1,"17":1,"18":12,"19":2,"20":2,"21":2,"22":1,"23":1,"24":12,"25":2,"26":2,"27":2,"28":1,"29":1,"30":12,"31":2,"32":2,"33":2,"34":1,"35":1,"36":1,"37":2},"f":{"0":12,"1":2,"2":3,"3":2,"4":2,"5":2},"b":{"0":[1,2],"1":[3,2]},"_coverageSchema":"1a1c01bbd47fc00a2c39e90264f33305004495a9","hash":"fc33cdd6c3908e4b2266c58ca1f987bef58b012b"}
,"C:\\Users\\Brenda\\Downloads\\trabalho-microsservico\\backend\\api-gateway\\src\\presentation\\middlewares\\authMiddleware.js": {"path":"C:\\Users\\Brenda\\Downloads\\trabalho-microsservico\\backend\\api-gateway\\src\\presentation\\middlewares\\authMiddleware.js","statementMap":{"0":{"start":{"line":1,"column":0},"end":{"line":19,"column":2}},"1":{"start":{"line":2,"column":2},"end":{"line":18,"column":4}},"2":{"start":{"line":3,"column":4},"end":{"line":17,"column":5}},"3":{"start":{"line":4,"column":25},"end":{"line":4,"column":50}},"4":{"start":{"line":6,"column":6},"end":{"line":8,"column":7}},"5":{"start":{"line":7,"column":8},"end":{"line":7,"column":70}},"6":{"start":{"line":10,"column":24},"end":{"line":10,"column":45}},"7":{"start":{"line":11,"column":22},"end":{"line":11,"column":50}},"8":{"start":{"line":13,"column":6},"end":{"line":13,"column":25}},"9":{"start":{"line":14,"column":6},"end":{"line":14,"column":13}},"10":{"start":{"line":16,"column":6},"end":{"line":16,"column":63}}},"fnMap":{"0":{"name":"(anonymous_0)","decl":{"start":{"line":1,"column":17},"end":{"line":1,"column":18}},"loc":{"start":{"line":1,"column":36},"end":{"line":19,"column":1}},"line":1},"1":{"name":"(anonymous_1)","decl":{"start":{"line":2,"column":9},"end":{"line":2,"column":10}},"loc":{"start":{"line":2,"column":29},"end":{"line":18,"column":3}},"line":2}},"branchMap":{"0":{"loc":{"start":{"line":6,"column":6},"end":{"line":8,"column":7}},"type":"if","locations":[{"start":{"line":6,"column":6},"end":{"line":8,"column":7}},{"start":{},"end":{}}],"line":6}},"s":{"0":2,"1":4,"2":3,"3":3,"4":3,"5":1,"6":2,"7":2,"8":1,"9":1,"10":1},"f":{"0":4,"1":3},"b":{"0":[1,2]},"_coverageSchema":"1a1c01bbd47fc00a2c39e90264f33305004495a9","hash":"ad5d163d5f7a74fd98a6e29974dbda29300047da"}
,"C:\\Users\\Brenda\\Downloads\\trabalho-microsservico\\backend\\api-gateway\\src\\presentation\\middlewares\\metricsMiddleware.js": {"path":"C:\\Users\\Brenda\\Downloads\\trabalho-microsservico\\backend\\api-gateway\\src\\presentation\\middlewares\\metricsMiddleware.js","statementMap":{"0":{"start":{"line":1,"column":15},"end":{"line":1,"column":37}},"1":{"start":{"line":3,"column":0},"end":{"line":3,"column":31}},"2":{"start":{"line":6,"column":27},"end":{"line":10,"column":2}},"3":{"start":{"line":13,"column":2},"end":{"line":13,"column":58}},"4":{"start":{"line":13,"column":45},"end":{"line":13,"column":58}},"5":{"start":{"line":14,"column":2},"end":{"line":14,"column":58}},"6":{"start":{"line":14,"column":45},"end":{"line":14,"column":58}},"7":{"start":{"line":15,"column":2},"end":{"line":15,"column":58}},"8":{"start":{"line":15,"column":45},"end":{"line":15,"column":58}},"9":{"start":{"line":16,"column":2},"end":{"line":16,"column":38}},"10":{"start":{"line":16,"column":25},"end":{"line":16,"column":38}},"11":{"start":{"line":17,"column":2},"end":{"line":17,"column":19}},"12":{"start":{"line":21,"column":2},"end":{"line":23,"column":3}},"13":{"start":{"line":22,"column":4},"end":{"line":22,"column":26}},"14":{"start":{"line":25,"column":2},"end":{"line":27,"column":3}},"15":{"start":{"line":26,"column":4},"end":{"line":26,"column":23}},"16":{"start":{"line":29,"column":2},"end":{"line":29,"column":18}},"17":{"start":{"line":32,"column":26},"end":{"line":51,"column":1}},"18":{"start":{"line":33,"column":24},"end":{"line":33,"column":52}},"19":{"start":{"line":35,"column":2},"end":{"line":48,"column":5}},"20":{"start":{"line":36,"column":18},"end":{"line":36,"column":31}},"21":{"start":{"line":38,"column":4},"end":{"line":40,"column":5}},"22":{"start":{"line":39,"column":6},"end":{"line":39,"column":13}},"23":{"start":{"line":42,"column":4},"end":{"line":47,"column":7}},"24":{"start":{"line":50,"column":2},"end":{"line":50,"column":9}},"25":{"start":{"line":53,"column":24},"end":{"line":56,"column":1}},"26":{"start":{"line":54,"column":2},"end":{"line":54,"column":55}},"27":{"start":{"line":55,"column":2},"end":{"line":55,"column":43}},"28":{"start":{"line":58,"column":0},"end":{"line":61,"column":2}}},"fnMap":{"0":{"name":"getStatusGroup","decl":{"start":{"line":12,"column":9},"end":{"line":12,"column":23}},"loc":{"start":{"line":12,"column":36},"end":{"line":18,"column":1}},"line":12},"1":{"name":"getRoute","decl":{"start":{"line":20,"column":9},"end":{"line":20,"column":17}},"loc":{"start":{"line":20,"column":23},"end":{"line":30,"column":1}},"line":20},"2":{"name":"(anonymous_2)","decl":{"start":{"line":32,"column":26},"end":{"line":32,"column":27}},"loc":{"start":{"line":32,"column":46},"end":{"line":51,"column":1}},"line":32},"3":{"name":"(anonymous_3)","decl":{"start":{"line":35,"column":19},"end":{"line":35,"column":20}},"loc":{"start":{"line":35,"column":25},"end":{"line":48,"column":3}},"line":35},"4":{"name":"(anonymous_4)","decl":{"start":{"line":53,"column":24},"end":{"line":53,"column":25}},"loc":{"start":{"line":53,"column":44},"end":{"line":56,"column":1}},"line":53}},"branchMap":{"0":{"loc":{"start":{"line":13,"column":2},"end":{"line":13,"column":58}},"type":"if","locations":[{"start":{"line":13,"column":2},"end":{"line":13,"column":58}},{"start":{},"end":{}}],"line":13},"1":{"loc":{"start":{"line":13,"column":6},"end":{"line":13,"column":43}},"type":"binary-expr","locations":[{"start":{"line":13,"column":6},"end":{"line":13,"column":23}},{"start":{"line":13,"column":27},"end":{"line":13,"column":43}}],"line":13},"2":{"loc":{"start":{"line":14,"column":2},"end":{"line":14,"column":58}},"type":"if","locations":[{"start":{"line":14,"column":2},"end":{"line":14,"column":58}},{"start":{},"end":{}}],"line":14},"3":{"loc":{"start":{"line":14,"column":6},"end":{"line":14,"column":43}},"type":"binary-expr","locations":[{"start":{"line":14,"column":6},"end":{"line":14,"column":23}},{"start":{"line":14,"column":27},"end":{"line":14,"column":43}}],"line":14},"4":{"loc":{"start":{"line":15,"column":2},"end":{"line":15,"column":58}},"type":"if","locations":[{"start":{"line":15,"column":2},"end":{"line":15,"column":58}},{"start":{},"end":{}}],"line":15},"5":{"loc":{"start":{"line":15,"column":6},"end":{"line":15,"column":43}},"type":"binary-expr","locations":[{"start":{"line":15,"column":6},"end":{"line":15,"column":23}},{"start":{"line":15,"column":27},"end":{"line":15,"column":43}}],"line":15},"6":{"loc":{"start":{"line":16,"column":2},"end":{"line":16,"column":38}},"type":"if","locations":[{"start":{"line":16,"column":2},"end":{"line":16,"column":38}},{"start":{},"end":{}}],"line":16},"7":{"loc":{"start":{"line":21,"column":2},"end":{"line":23,"column":3}},"type":"if","locations":[{"start":{"line":21,"column":2},"end":{"line":23,"column":3}},{"start":{},"end":{}}],"line":21},"8":{"loc":{"start":{"line":21,"column":6},"end":{"line":21,"column":33}},"type":"binary-expr","locations":[{"start":{"line":21,"column":6},"end":{"line":21,"column":15}},{"start":{"line":21,"column":19},"end":{"line":21,"column":33}}],"line":21},"9":{"loc":{"start":{"line":25,"column":2},"end":{"line":27,"column":3}},"type":"if","locations":[{"start":{"line":25,"column":2},"end":{"line":27,"column":3}},{"start":{},"end":{}}],"line":25},"10":{"loc":{"start":{"line":38,"column":4},"end":{"line":40,"column":5}},"type":"if","locations":[{"start":{"line":38,"column":4},"end":{"line":40,"column":5}},{"start":{},"end":{}}],"line":38}},"s":{"0":1,"1":1,"2":1,"3":1,"4":1,"5":0,"6":0,"7":0,"8":0,"9":0,"10":0,"11":0,"12":2,"13":2,"14":0,"15":0,"16":0,"17":1,"18":2,"19":2,"20":2,"21":2,"22":1,"23":1,"24":2,"25":1,"26":1,"27":1,"28":1},"f":{"0":1,"1":2,"2":2,"3":2,"4":1},"b":{"0":[1,0],"1":[1,1],"2":[0,0],"3":[0,0],"4":[0,0],"5":[0,0],"6":[0,0],"7":[2,0],"8":[2,2],"9":[0,0],"10":[1,1]},"_coverageSchema":"1a1c01bbd47fc00a2c39e90264f33305004495a9","hash":"924e54db0c3310be5d4730f1b76144688c461f9c"}
,"C:\\Users\\Brenda\\Downloads\\trabalho-microsservico\\backend\\api-gateway\\src\\presentation\\middlewares\\roleMiddleware.js": {"path":"C:\\Users\\Brenda\\Downloads\\trabalho-microsservico\\backend\\api-gateway\\src\\presentation\\middlewares\\roleMiddleware.js","statementMap":{"0":{"start":{"line":1,"column":0},"end":{"line":13,"column":2}},"1":{"start":{"line":2,"column":2},"end":{"line":12,"column":4}},"2":{"start":{"line":3,"column":4},"end":{"line":5,"column":5}},"3":{"start":{"line":4,"column":6},"end":{"line":4,"column":62}},"4":{"start":{"line":7,"column":4},"end":{"line":9,"column":5}},"5":{"start":{"line":8,"column":6},"end":{"line":8,"column":71}},"6":{"start":{"line":11,"column":4},"end":{"line":11,"column":11}}},"fnMap":{"0":{"name":"(anonymous_0)","decl":{"start":{"line":1,"column":17},"end":{"line":1,"column":18}},"loc":{"start":{"line":1,"column":38},"end":{"line":13,"column":1}},"line":1},"1":{"name":"(anonymous_1)","decl":{"start":{"line":2,"column":9},"end":{"line":2,"column":10}},"loc":{"start":{"line":2,"column":29},"end":{"line":12,"column":3}},"line":2}},"branchMap":{"0":{"loc":{"start":{"line":3,"column":4},"end":{"line":5,"column":5}},"type":"if","locations":[{"start":{"line":3,"column":4},"end":{"line":5,"column":5}},{"start":{},"end":{}}],"line":3},"1":{"loc":{"start":{"line":3,"column":8},"end":{"line":3,"column":35}},"type":"binary-expr","locations":[{"start":{"line":3,"column":8},"end":{"line":3,"column":17}},{"start":{"line":3,"column":21},"end":{"line":3,"column":35}}],"line":3},"2":{"loc":{"start":{"line":7,"column":4},"end":{"line":9,"column":5}},"type":"if","locations":[{"start":{"line":7,"column":4},"end":{"line":9,"column":5}},{"start":{},"end":{}}],"line":7}},"s":{"0":2,"1":7,"2":3,"3":1,"4":2,"5":1,"6":1},"f":{"0":7,"1":3},"b":{"0":[1,2],"1":[3,2],"2":[1,1]},"_coverageSchema":"1a1c01bbd47fc00a2c39e90264f33305004495a9","hash":"fa6318c922dc6dcb8a1f3efe40e5dcae75088ca8"}
,"C:\\Users\\Brenda\\Downloads\\trabalho-microsservico\\backend\\api-gateway\\src\\presentation\\routes\\authRoutes.js": {"path":"C:\\Users\\Brenda\\Downloads\\trabalho-microsservico\\backend\\api-gateway\\src\\presentation\\routes\\authRoutes.js","statementMap":{"0":{"start":{"line":1,"column":16},"end":{"line":1,"column":34}},"1":{"start":{"line":3,"column":0},"end":{"line":10,"column":2}},"2":{"start":{"line":4,"column":17},"end":{"line":4,"column":33}},"3":{"start":{"line":6,"column":2},"end":{"line":6,"column":52}},"4":{"start":{"line":7,"column":2},"end":{"line":7,"column":46}},"5":{"start":{"line":9,"column":2},"end":{"line":9,"column":16}}},"fnMap":{"0":{"name":"(anonymous_0)","decl":{"start":{"line":3,"column":17},"end":{"line":3,"column":18}},"loc":{"start":{"line":3,"column":37},"end":{"line":10,"column":1}},"line":3}},"branchMap":{},"s":{"0":1,"1":1,"2":1,"3":1,"4":1,"5":1},"f":{"0":1},"b":{},"_coverageSchema":"1a1c01bbd47fc00a2c39e90264f33305004495a9","hash":"d50110277d7256b9234fe3166520035ab939a51c"}
,"C:\\Users\\Brenda\\Downloads\\trabalho-microsservico\\backend\\api-gateway\\src\\presentation\\routes\\bookingsRoutes.js": {"path":"C:\\Users\\Brenda\\Downloads\\trabalho-microsservico\\backend\\api-gateway\\src\\presentation\\routes\\bookingsRoutes.js","statementMap":{"0":{"start":{"line":1,"column":16},"end":{"line":1,"column":34}},"1":{"start":{"line":3,"column":0},"end":{"line":13,"column":2}},"2":{"start":{"line":4,"column":17},"end":{"line":4,"column":33}},"3":{"start":{"line":7,"column":2},"end":{"line":7,"column":77}},"4":{"start":{"line":8,"column":2},"end":{"line":8,"column":89}},"5":{"start":{"line":9,"column":2},"end":{"line":9,"column":78}},"6":{"start":{"line":10,"column":2},"end":{"line":10,"column":83}},"7":{"start":{"line":12,"column":2},"end":{"line":12,"column":16}}},"fnMap":{"0":{"name":"(anonymous_0)","decl":{"start":{"line":3,"column":17},"end":{"line":3,"column":18}},"loc":{"start":{"line":3,"column":64},"end":{"line":13,"column":1}},"line":3}},"branchMap":{},"s":{"0":1,"1":1,"2":1,"3":1,"4":1,"5":1,"6":1,"7":1},"f":{"0":1},"b":{},"_coverageSchema":"1a1c01bbd47fc00a2c39e90264f33305004495a9","hash":"66cdd5b33eee54877d254eb90f150b91795a8785"}
,"C:\\Users\\Brenda\\Downloads\\trabalho-microsservico\\backend\\api-gateway\\src\\presentation\\routes\\healthRoutes.js": {"path":"C:\\Users\\Brenda\\Downloads\\trabalho-microsservico\\backend\\api-gateway\\src\\presentation\\routes\\healthRoutes.js","statementMap":{"0":{"start":{"line":1,"column":16},"end":{"line":1,"column":34}},"1":{"start":{"line":3,"column":0},"end":{"line":23,"column":2}},"2":{"start":{"line":4,"column":17},"end":{"line":4,"column":33}},"3":{"start":{"line":6,"column":2},"end":{"line":10,"column":5}},"4":{"start":{"line":7,"column":4},"end":{"line":9,"column":7}},"5":{"start":{"line":12,"column":2},"end":{"line":20,"column":5}},"6":{"start":{"line":13,"column":4},"end":{"line":19,"column":7}},"7":{"start":{"line":22,"column":2},"end":{"line":22,"column":16}}},"fnMap":{"0":{"name":"(anonymous_0)","decl":{"start":{"line":3,"column":17},"end":{"line":3,"column":18}},"loc":{"start":{"line":3,"column":29},"end":{"line":23,"column":1}},"line":3},"1":{"name":"(anonymous_1)","decl":{"start":{"line":6,"column":24},"end":{"line":6,"column":25}},"loc":{"start":{"line":6,"column":38},"end":{"line":10,"column":3}},"line":6},"2":{"name":"(anonymous_2)","decl":{"start":{"line":12,"column":32},"end":{"line":12,"column":33}},"loc":{"start":{"line":12,"column":46},"end":{"line":20,"column":3}},"line":12}},"branchMap":{"0":{"loc":{"start":{"line":15,"column":19},"end":{"line":15,"column":56}},"type":"binary-expr","locations":[{"start":{"line":15,"column":19},"end":{"line":15,"column":39}},{"start":{"line":15,"column":43},"end":{"line":15,"column":56}}],"line":15},"1":{"loc":{"start":{"line":18,"column":15},"end":{"line":18,"column":49}},"type":"binary-expr","locations":[{"start":{"line":18,"column":15},"end":{"line":18,"column":38}},{"start":{"line":18,"column":42},"end":{"line":18,"column":49}}],"line":18}},"s":{"0":1,"1":1,"2":1,"3":1,"4":0,"5":1,"6":0,"7":1},"f":{"0":1,"1":0,"2":0},"b":{"0":[0,0],"1":[0,0]},"_coverageSchema":"1a1c01bbd47fc00a2c39e90264f33305004495a9","hash":"580869cb08c39509eb2c9e1a0f5c45c65f1d81ad"}
,"C:\\Users\\Brenda\\Downloads\\trabalho-microsservico\\backend\\api-gateway\\src\\presentation\\routes\\roomsRoutes.js": {"path":"C:\\Users\\Brenda\\Downloads\\trabalho-microsservico\\backend\\api-gateway\\src\\presentation\\routes\\roomsRoutes.js","statementMap":{"0":{"start":{"line":1,"column":0},"end":{"line":35,"column":2}},"1":{"start":{"line":2,"column":17},"end":{"line":2,"column":44}},"2":{"start":{"line":4,"column":2},"end":{"line":4,"column":56}},"3":{"start":{"line":6,"column":2},"end":{"line":11,"column":4}},"4":{"start":{"line":13,"column":2},"end":{"line":18,"column":4}},"5":{"start":{"line":20,"column":2},"end":{"line":25,"column":4}},"6":{"start":{"line":27,"column":2},"end":{"line":32,"column":4}},"7":{"start":{"line":34,"column":2},"end":{"line":34,"column":16}}},"fnMap":{"0":{"name":"(anonymous_0)","decl":{"start":{"line":1,"column":17},"end":{"line":1,"column":18}},"loc":{"start":{"line":1,"column":65},"end":{"line":35,"column":1}},"line":1}},"branchMap":{},"s":{"0":1,"1":1,"2":1,"3":1,"4":1,"5":1,"6":1,"7":1},"f":{"0":1},"b":{},"_coverageSchema":"1a1c01bbd47fc00a2c39e90264f33305004495a9","hash":"d07169e04af5e9182ad3d39214e6508e2b8a9119"}
}
