TN:
SF:src\app.js
FN:92,(anonymous_0)
FN:105,inicializarBanco
FNF:2
FNH:2
FNDA:1,(anonymous_0)
FNDA:1,inicializarBanco
DA:1,1
DA:2,1
DA:3,1
DA:4,1
DA:10,1
DA:12,1
DA:13,1
DA:16,1
DA:17,1
DA:18,1
DA:19,1
DA:20,1
DA:23,1
DA:24,1
DA:25,1
DA:28,1
DA:29,1
DA:30,1
DA:33,1
DA:34,1
DA:35,1
DA:36,1
DA:39,1
DA:41,1
DA:43,1
DA:44,1
DA:48,1
DA:50,1
DA:54,1
DA:55,1
DA:56,1
DA:61,1
DA:62,1
DA:64,1
DA:65,0
DA:68,1
DA:72,1
DA:76,1
DA:80,1
DA:81,1
DA:82,1
DA:84,1
DA:85,1
DA:86,1
DA:88,1
DA:92,1
DA:93,1
DA:98,1
DA:99,1
DA:100,1
DA:101,1
DA:106,1
DA:107,1
DA:108,1
DA:109,1
DA:111,0
DA:115,1
DA:117,1
LF:58
LH:56
BRDA:54,0,0,1
BRDA:54,0,1,0
BRDA:64,1,0,0
BRDA:64,1,1,1
BRDA:64,2,0,1
BRDA:64,2,1,0
BRDA:69,3,0,1
BRDA:69,3,1,0
BRDA:73,4,0,1
BRDA:73,4,1,1
BRDA:77,5,0,1
BRDA:77,5,1,1
BRF:12
BRH:8
end_of_record
TN:
SF:src\application\use-cases\LoginUser.js
FN:40,(anonymous_0)
FN:46,(anonymous_1)
FNF:2
FNH:2
FNDA:3,(anonymous_0)
FNDA:2,(anonymous_1)
DA:41,3
DA:42,3
DA:43,3
DA:47,2
DA:49,2
DA:50,0
DA:53,2
DA:58,2
DA:59,1
DA:63,1
DA:69,1
DA:78,2
LF:12
LH:11
BRDA:49,0,0,0
BRDA:49,0,1,2
BRDA:58,1,0,1
BRDA:58,1,1,1
BRF:4
BRH:3
end_of_record
TN:
SF:src\application\use-cases\RegisterUser.js
FN:4,(anonymous_0)
FN:25,(anonymous_1)
FNF:2
FNH:2
FNDA:3,(anonymous_0)
FNDA:2,(anonymous_1)
DA:1,2
DA:5,3
DA:6,3
DA:27,2
DA:29,2
DA:30,1
DA:33,1
DA:34,1
DA:37,1
DA:45,2
LF:10
LH:10
BRDA:29,0,0,1
BRDA:29,0,1,1
BRF:2
BRH:2
end_of_record
TN:
SF:src\application\use-cases\ValidateToken.js
FN:2,(anonymous_0)
FN:6,(anonymous_1)
FNF:2
FNH:2
FNDA:2,(anonymous_0)
FNDA:1,(anonymous_1)
DA:3,2
DA:7,1
DA:11,2
LF:3
LH:3
BRF:0
BRH:0
end_of_record
TN:
SF:src\domain\entities\User.js
FN:2,(anonymous_0)
FNF:1
FNH:1
FNDA:1,(anonymous_0)
DA:3,1
DA:4,0
DA:7,1
DA:8,0
DA:11,1
DA:12,0
DA:15,1
DA:16,1
DA:17,1
DA:21,2
LF:10
LH:7
BRDA:2,0,0,0
BRDA:3,1,0,0
BRDA:3,1,1,1
BRDA:3,2,0,1
BRDA:3,2,1,1
BRDA:7,3,0,0
BRDA:7,3,1,1
BRDA:7,4,0,1
BRDA:7,4,1,1
BRDA:7,4,2,1
BRDA:11,5,0,0
BRDA:11,5,1,1
BRF:12
BRH:8
end_of_record
TN:
SF:src\infrastructure\http\BookingsProxy.js
FN:4,(anonymous_0)
FN:9,(anonymous_1)
FN:18,(anonymous_2)
FN:23,(anonymous_3)
FN:28,(anonymous_4)
FN:33,(anonymous_5)
FNF:6
FNH:6
FNDA:5,(anonymous_0)
FNDA:4,(anonymous_1)
FNDA:1,(anonymous_2)
FNDA:1,(anonymous_3)
FNDA:1,(anonymous_4)
FNDA:1,(anonymous_5)
DA:1,2
DA:5,5
DA:10,4
DA:19,1
DA:20,1
DA:24,1
DA:25,1
DA:29,1
DA:30,1
DA:34,1
DA:35,1
DA:39,2
LF:12
LH:12
BRF:0
BRH:0
end_of_record
TN:
SF:src\infrastructure\http\RoomsProxy.js
FN:4,(anonymous_0)
FN:8,(anonymous_1)
FN:18,(anonymous_2)
FN:27,(anonymous_3)
FN:36,(anonymous_4)
FN:45,(anonymous_5)
FNF:6
FNH:6
FNDA:6,(anonymous_0)
FNDA:1,(anonymous_1)
FNDA:1,(anonymous_2)
FNDA:1,(anonymous_3)
FNDA:1,(anonymous_4)
FNDA:1,(anonymous_5)
DA:1,2
DA:5,6
DA:9,1
DA:15,1
DA:19,1
DA:24,1
DA:28,1
DA:33,1
DA:37,1
DA:42,1
DA:46,1
DA:55,1
DA:59,2
LF:13
LH:13
BRF:0
BRH:0
end_of_record
TN:
SF:src\infrastructure\security\JWTService.js
FN:4,(anonymous_0)
FN:8,(anonymous_1)
FN:12,(anonymous_2)
FNF:3
FNH:3
FNDA:2,(anonymous_0)
FNDA:1,(anonymous_1)
FNDA:2,(anonymous_2)
DA:1,2
DA:5,2
DA:9,1
DA:13,2
DA:17,2
LF:5
LH:5
BRF:0
BRH:0
end_of_record
TN:
SF:src\infrastructure\security\PasswordHasher.js
FN:4,(anonymous_0)
FN:8,(anonymous_1)
FNF:2
FNH:2
FNDA:2,(anonymous_0)
FNDA:2,(anonymous_1)
DA:1,2
DA:5,2
DA:9,2
DA:13,2
LF:4
LH:4
BRF:0
BRH:0
end_of_record
TN:
SF:src\presentation\controllers\AuthController.js
FN:2,(anonymous_0)
FN:7,(anonymous_1)
FN:21,(anonymous_2)
FNF:3
FNH:3
FNDA:5,(anonymous_0)
FNDA:2,(anonymous_1)
FNDA:2,(anonymous_2)
DA:3,5
DA:4,5
DA:7,5
DA:8,2
DA:9,2
DA:11,1
DA:17,1
DA:21,5
DA:22,2
DA:23,2
DA:25,1
DA:27,1
DA:31,2
LF:13
LH:13
BRF:0
BRH:0
end_of_record
TN:
SF:src\presentation\controllers\BookingsGatewayController.js
FN:2,(anonymous_0)
FN:6,(anonymous_1)
FN:18,(anonymous_2)
FN:29,(anonymous_3)
FN:43,(anonymous_4)
FNF:5
FNH:5
FNDA:9,(anonymous_0)
FNDA:2,(anonymous_1)
FNDA:2,(anonymous_2)
FNDA:2,(anonymous_3)
FNDA:2,(anonymous_4)
DA:3,9
DA:6,9
DA:7,2
DA:8,2
DA:9,2
DA:10,2
DA:11,1
DA:13,1
DA:14,1
DA:18,9
DA:19,2
DA:20,2
DA:21,2
DA:22,2
DA:23,1
DA:25,1
DA:29,9
DA:30,2
DA:31,2
DA:32,2
DA:33,2
DA:34,2
DA:35,1
DA:37,1
DA:38,1
DA:43,9
DA:44,2
DA:45,2
DA:46,2
DA:47,2
DA:49,2
DA:50,1
DA:52,1
DA:53,1
DA:58,2
LF:35
LH:35
BRDA:13,0,0,1
BRDA:13,0,1,0
BRDA:13,1,0,1
BRDA:13,1,1,1
BRDA:37,2,0,1
BRDA:37,2,1,0
BRDA:37,3,0,1
BRDA:37,3,1,1
BRDA:52,4,0,1
BRDA:52,4,1,0
BRDA:52,5,0,1
BRDA:52,5,1,1
BRF:12
BRH:9
end_of_record
TN:
SF:src\presentation\controllers\RoomsGatewayController.js
FN:2,(anonymous_0)
FN:6,(anonymous_1)
FN:19,(anonymous_2)
FN:37,(anonymous_3)
FN:51,(anonymous_4)
FN:61,(anonymous_5)
FNF:6
FNH:6
FNDA:12,(anonymous_0)
FNDA:2,(anonymous_1)
FNDA:3,(anonymous_2)
FNDA:2,(anonymous_3)
FNDA:2,(anonymous_4)
FNDA:2,(anonymous_5)
DA:3,12
DA:6,12
DA:7,2
DA:8,2
DA:10,2
DA:12,1
DA:14,1
DA:15,1
DA:19,12
DA:20,3
DA:21,3
DA:22,3
DA:24,3
DA:25,1
DA:28,2
DA:30,1
DA:32,1
DA:33,1
DA:37,12
DA:38,2
DA:39,2
DA:40,2
DA:45,1
DA:47,1
DA:51,12
DA:52,2
DA:53,2
DA:54,2
DA:55,1
DA:57,1
DA:61,12
DA:62,2
DA:63,2
DA:65,2
DA:67,1
DA:69,1
DA:70,1
DA:75,2
LF:38
LH:38
BRDA:24,0,0,1
BRDA:24,0,1,2
BRDA:24,1,0,3
BRDA:24,1,1,2
BRF:4
BRH:4
end_of_record
TN:
SF:src\presentation\middlewares\authMiddleware.js
FN:1,(anonymous_0)
FN:2,(anonymous_1)
FNF:2
FNH:2
FNDA:4,(anonymous_0)
FNDA:3,(anonymous_1)
DA:1,2
DA:2,4
DA:3,3
DA:4,3
DA:6,3
DA:7,1
DA:10,2
DA:11,2
DA:13,1
DA:14,1
DA:16,1
LF:11
LH:11
BRDA:6,0,0,1
BRDA:6,0,1,2
BRF:2
BRH:2
end_of_record
TN:
SF:src\presentation\middlewares\metricsMiddleware.js
FN:12,getStatusGroup
FN:20,getRoute
FN:32,(anonymous_2)
FN:35,(anonymous_3)
FN:53,(anonymous_4)
FNF:5
FNH:5
FNDA:1,getStatusGroup
FNDA:2,getRoute
FNDA:2,(anonymous_2)
FNDA:2,(anonymous_3)
FNDA:1,(anonymous_4)
DA:1,1
DA:3,1
DA:6,1
DA:13,1
DA:14,0
DA:15,0
DA:16,0
DA:17,0
DA:21,2
DA:22,2
DA:25,0
DA:26,0
DA:29,0
DA:32,1
DA:33,2
DA:35,2
DA:36,2
DA:38,2
DA:39,1
DA:42,1
DA:50,2
DA:53,1
DA:54,1
DA:55,1
DA:58,1
LF:25
LH:18
BRDA:13,0,0,1
BRDA:13,0,1,0
BRDA:13,1,0,1
BRDA:13,1,1,1
BRDA:14,2,0,0
BRDA:14,2,1,0
BRDA:14,3,0,0
BRDA:14,3,1,0
BRDA:15,4,0,0
BRDA:15,4,1,0
BRDA:15,5,0,0
BRDA:15,5,1,0
BRDA:16,6,0,0
BRDA:16,6,1,0
BRDA:21,7,0,2
BRDA:21,7,1,0
BRDA:21,8,0,2
BRDA:21,8,1,2
BRDA:25,9,0,0
BRDA:25,9,1,0
BRDA:38,10,0,1
BRDA:38,10,1,1
BRF:22
BRH:8
end_of_record
TN:
SF:src\presentation\middlewares\roleMiddleware.js
FN:1,(anonymous_0)
FN:2,(anonymous_1)
FNF:2
FNH:2
FNDA:7,(anonymous_0)
FNDA:3,(anonymous_1)
DA:1,2
DA:2,7
DA:3,3
DA:4,1
DA:7,2
DA:8,1
DA:11,1
LF:7
LH:7
BRDA:3,0,0,1
BRDA:3,0,1,2
BRDA:3,1,0,3
BRDA:3,1,1,2
BRDA:7,2,0,1
BRDA:7,2,1,1
BRF:6
BRH:6
end_of_record
TN:
SF:src\presentation\routes\authRoutes.js
FN:3,(anonymous_0)
FNF:1
FNH:1
FNDA:1,(anonymous_0)
DA:1,1
DA:3,1
DA:4,1
DA:6,1
DA:7,1
DA:9,1
LF:6
LH:6
BRF:0
BRH:0
end_of_record
TN:
SF:src\presentation\routes\bookingsRoutes.js
FN:3,(anonymous_0)
FNF:1
FNH:1
FNDA:1,(anonymous_0)
DA:1,1
DA:3,1
DA:4,1
DA:7,1
DA:8,1
DA:9,1
DA:10,1
DA:12,1
LF:8
LH:8
BRF:0
BRH:0
end_of_record
TN:
SF:src\presentation\routes\healthRoutes.js
FN:3,(anonymous_0)
FN:6,(anonymous_1)
FN:12,(anonymous_2)
FNF:3
FNH:1
FNDA:1,(anonymous_0)
FNDA:0,(anonymous_1)
FNDA:0,(anonymous_2)
DA:1,1
DA:3,1
DA:4,1
DA:6,1
DA:7,0
DA:12,1
DA:13,0
DA:22,1
LF:8
LH:6
BRDA:15,0,0,0
BRDA:15,0,1,0
BRDA:18,1,0,0
BRDA:18,1,1,0
BRF:4
BRH:0
end_of_record
TN:
SF:src\presentation\routes\roomsRoutes.js
FN:1,(anonymous_0)
FNF:1
FNH:1
FNDA:1,(anonymous_0)
DA:1,1
DA:2,1
DA:4,1
DA:6,1
DA:13,1
DA:20,1
DA:27,1
DA:34,1
LF:8
LH:8
BRF:0
BRH:0
end_of_record
