TN:
SF:src\application\use-cases\LoginUser.js
FN:40,(anonymous_0)
FN:46,(anonymous_1)
FNF:2
FNH:2
FNDA:2,(anonymous_0)
FNDA:2,(anonymous_1)
DA:41,2
DA:42,2
DA:43,2
DA:47,2
DA:49,2
DA:50,0
DA:53,2
DA:58,2
DA:59,1
DA:63,1
DA:69,1
DA:78,1
LF:12
LH:11
BRDA:49,0,0,0
BRDA:49,0,1,2
BRDA:58,1,0,1
BRDA:58,1,1,1
BRF:4
BRH:3
end_of_record
TN:
SF:src\application\use-cases\RegisterUser.js
FN:4,(anonymous_0)
FN:25,(anonymous_1)
FNF:2
FNH:2
FNDA:2,(anonymous_0)
FNDA:2,(anonymous_1)
DA:1,1
DA:5,2
DA:6,2
DA:27,2
DA:29,2
DA:30,1
DA:33,1
DA:34,1
DA:37,1
DA:45,1
LF:10
LH:10
BRDA:29,0,0,1
BRDA:29,0,1,1
BRF:2
BRH:2
end_of_record
TN:
SF:src\application\use-cases\ValidateToken.js
FN:2,(anonymous_0)
FN:6,(anonymous_1)
FNF:2
FNH:2
FNDA:1,(anonymous_0)
FNDA:1,(anonymous_1)
DA:3,1
DA:7,1
DA:11,1
LF:3
LH:3
BRF:0
BRH:0
end_of_record
TN:
SF:src\domain\entities\User.js
FN:2,(anonymous_0)
FNF:1
FNH:1
FNDA:1,(anonymous_0)
DA:3,1
DA:4,0
DA:7,1
DA:8,0
DA:11,1
DA:12,0
DA:15,1
DA:16,1
DA:17,1
DA:21,1
LF:10
LH:7
BRDA:2,0,0,0
BRDA:3,1,0,0
BRDA:3,1,1,1
BRDA:3,2,0,1
BRDA:3,2,1,1
BRDA:7,3,0,0
BRDA:7,3,1,1
BRDA:7,4,0,1
BRDA:7,4,1,1
BRDA:7,4,2,1
BRDA:11,5,0,0
BRDA:11,5,1,1
BRF:12
BRH:8
end_of_record
