<?xml version="1.0" encoding="UTF-8"?>
<coverage generated="1777428625874" clover="3.2.0">
  <project timestamp="1777428625874" name="All files">
    <metrics statements="22" coveredstatements="18" conditionals="10" coveredconditionals="5" methods="6" coveredmethods="6" elements="38" coveredelements="29" complexity="0" loc="22" ncloc="22" packages="2" files="2" classes="2"/>
    <package name="application.use-cases">
      <metrics statements="10" coveredstatements="10" conditionals="4" coveredconditionals="4" methods="4" coveredmethods="4"/>
      <file name="GetAggregatedUserBookings.js" path="C:\Users\Ana Paula\Documents\trabalho-microsservico\backend\back-for-front\src\application\use-cases\GetAggregatedUserBookings.js">
        <metrics statements="10" coveredstatements="10" conditionals="4" coveredconditionals="4" methods="4" coveredmethods="4"/>
        <line num="3" count="1" type="stmt"/>
        <line num="8" count="3" type="stmt"/>
        <line num="13" count="3" type="stmt"/>
        <line num="14" count="2" type="stmt"/>
        <line num="15" count="2" type="stmt"/>
        <line num="18" count="3" type="stmt"/>
        <line num="19" count="3" type="stmt"/>
        <line num="21" count="3" type="stmt"/>
        <line num="32" count="3" type="stmt"/>
        <line num="36" count="1" type="stmt"/>
      </file>
    </package>
    <package name="presentation.controllers">
      <metrics statements="12" coveredstatements="8" conditionals="6" coveredconditionals="1" methods="2" coveredmethods="2"/>
      <file name="BffController.js" path="C:\Users\Ana Paula\Documents\trabalho-microsservico\backend\back-for-front\src\presentation\controllers\BffController.js">
        <metrics statements="12" coveredstatements="8" conditionals="6" coveredconditionals="1" methods="2" coveredmethods="2"/>
        <line num="3" count="1" type="stmt"/>
        <line num="6" count="1" type="stmt"/>
        <line num="7" count="1" type="stmt"/>
        <line num="9" count="1" type="stmt"/>
        <line num="11" count="1" type="cond" truecount="1" falsecount="1"/>
        <line num="12" count="0" type="stmt"/>
        <line num="15" count="1" type="stmt"/>
        <line num="16" count="1" type="stmt"/>
        <line num="18" count="0" type="stmt"/>
        <line num="19" count="0" type="cond" truecount="0" falsecount="2"/>
        <line num="20" count="0" type="cond" truecount="0" falsecount="2"/>
        <line num="25" count="1" type="stmt"/>
      </file>
    </package>
  </project>
</coverage>
