{"C:\\Users\\Ana Paula\\Documents\\trabalho-microsservico\\backend\\back-for-front\\src\\application\\use-cases\\GetAggregatedUserBookings.js": {"path":"C:\\Users\\Ana Paula\\Documents\\trabalho-microsservico\\backend\\back-for-front\\src\\application\\use-cases\\GetAggregatedUserBookings.js","statementMap":{"0":{"start":{"line":3,"column":4},"end":{"line":3,"column":43}},"1":{"start":{"line":8,"column":30},"end":{"line":11,"column":6}},"2":{"start":{"line":13,"column":21},"end":{"line":16,"column":10}},"3":{"start":{"line":14,"column":6},"end":{"line":14,"column":26}},"4":{"start":{"line":15,"column":6},"end":{"line":15,"column":17}},"5":{"start":{"line":18,"column":31},"end":{"line":30,"column":6}},"6":{"start":{"line":19,"column":19},"end":{"line":19,"column":43}},"7":{"start":{"line":21,"column":6},"end":{"line":29,"column":8}},"8":{"start":{"line":32,"column":4},"end":{"line":32,"column":30}},"9":{"start":{"line":36,"column":0},"end":{"line":36,"column":43}}},"fnMap":{"0":{"name":"(anonymous_0)","decl":{"start":{"line":2,"column":2},"end":{"line":2,"column":3}},"loc":{"start":{"line":2,"column":31},"end":{"line":4,"column":3}},"line":2},"1":{"name":"(anonymous_1)","decl":{"start":{"line":6,"column":2},"end":{"line":6,"column":3}},"loc":{"start":{"line":6,"column":23},"end":{"line":33,"column":3}},"line":6},"2":{"name":"(anonymous_2)","decl":{"start":{"line":13,"column":34},"end":{"line":13,"column":35}},"loc":{"start":{"line":13,"column":49},"end":{"line":16,"column":5}},"line":13},"3":{"name":"(anonymous_3)","decl":{"start":{"line":18,"column":44},"end":{"line":18,"column":45}},"loc":{"start":{"line":18,"column":55},"end":{"line":30,"column":5}},"line":18}},"branchMap":{"0":{"loc":{"start":{"line":24,"column":18},"end":{"line":24,"column":56}},"type":"cond-expr","locations":[{"start":{"line":24,"column":25},"end":{"line":24,"column":34}},{"start":{"line":24,"column":37},"end":{"line":24,"column":56}}],"line":24},"1":{"loc":{"start":{"line":25,"column":22},"end":{"line":25,"column":48}},"type":"cond-expr","locations":[{"start":{"line":25,"column":29},"end":{"line":25,"column":42}},{"start":{"line":25,"column":45},"end":{"line":25,"column":48}}],"line":25}},"s":{"0":1,"1":3,"2":3,"3":2,"4":2,"5":3,"6":3,"7":3,"8":3,"9":1},"f":{"0":1,"1":3,"2":2,"3":3},"b":{"0":[2,1],"1":[2,1]},"_coverageSchema":"1a1c01bbd47fc00a2c39e90264f33305004495a9","hash":"f4d9adc3e7b7c008a8695882c468c0c34cc65cad"}
,"C:\\Users\\Ana Paula\\Documents\\trabalho-microsservico\\backend\\back-for-front\\src\\presentation\\controllers\\BffController.js": {"path":"C:\\Users\\Ana Paula\\Documents\\trabalho-microsservico\\backend\\back-for-front\\src\\presentation\\controllers\\BffController.js","statementMap":{"0":{"start":{"line":3,"column":4},"end":{"line":3,"column":63}},"1":{"start":{"line":6,"column":21},"end":{"line":22,"column":3}},"2":{"start":{"line":7,"column":4},"end":{"line":21,"column":5}},"3":{"start":{"line":9,"column":20},"end":{"line":9,"column":48}},"4":{"start":{"line":11,"column":6},"end":{"line":13,"column":7}},"5":{"start":{"line":12,"column":8},"end":{"line":12,"column":77}},"6":{"start":{"line":15,"column":19},"end":{"line":15,"column":70}},"7":{"start":{"line":16,"column":6},"end":{"line":16,"column":28}},"8":{"start":{"line":18,"column":6},"end":{"line":18,"column":27}},"9":{"start":{"line":19,"column":23},"end":{"line":19,"column":86}},"10":{"start":{"line":20,"column":6},"end":{"line":20,"column":81}},"11":{"start":{"line":25,"column":0},"end":{"line":25,"column":31}}},"fnMap":{"0":{"name":"(anonymous_0)","decl":{"start":{"line":2,"column":2},"end":{"line":2,"column":3}},"loc":{"start":{"line":2,"column":41},"end":{"line":4,"column":3}},"line":2},"1":{"name":"(anonymous_1)","decl":{"start":{"line":6,"column":21},"end":{"line":6,"column":22}},"loc":{"start":{"line":6,"column":41},"end":{"line":22,"column":3}},"line":6}},"branchMap":{"0":{"loc":{"start":{"line":11,"column":6},"end":{"line":13,"column":7}},"type":"if","locations":[{"start":{"line":11,"column":6},"end":{"line":13,"column":7}},{"start":{},"end":{}}],"line":11},"1":{"loc":{"start":{"line":19,"column":23},"end":{"line":19,"column":86}},"type":"binary-expr","locations":[{"start":{"line":19,"column":23},"end":{"line":19,"column":50}},{"start":{"line":19,"column":54},"end":{"line":19,"column":86}}],"line":19},"2":{"loc":{"start":{"line":20,"column":24},"end":{"line":20,"column":53}},"type":"binary-expr","locations":[{"start":{"line":20,"column":24},"end":{"line":20,"column":46}},{"start":{"line":20,"column":50},"end":{"line":20,"column":53}}],"line":20}},"s":{"0":1,"1":1,"2":1,"3":1,"4":1,"5":0,"6":1,"7":1,"8":0,"9":0,"10":0,"11":1},"f":{"0":1,"1":1},"b":{"0":[0,1],"1":[0,0],"2":[0,0]},"_coverageSchema":"1a1c01bbd47fc00a2c39e90264f33305004495a9","hash":"b10eaea93bdf157f4d4b1dac41eb32eba62a1e0f"}
}
