{"C:\\Users\\Ana Paula\\Documents\\trabalho-microsservico\\backend\\bookings-service\\src\\application\\use-cases\\CreateBooking.js": {"path":"C:\\Users\\Ana Paula\\Documents\\trabalho-microsservico\\backend\\bookings-service\\src\\application\\use-cases\\CreateBooking.js","statementMap":{"0":{"start":{"line":1,"column":16},"end":{"line":1,"column":56}},"1":{"start":{"line":5,"column":4},"end":{"line":5,"column":47}},"2":{"start":{"line":9,"column":20},"end":{"line":9,"column":37}},"3":{"start":{"line":10,"column":18},"end":{"line":10,"column":45}},"4":{"start":{"line":11,"column":16},"end":{"line":11,"column":41}},"5":{"start":{"line":13,"column":16},"end":{"line":13,"column":26}},"6":{"start":{"line":15,"column":4},"end":{"line":17,"column":5}},"7":{"start":{"line":16,"column":6},"end":{"line":16,"column":79}},"8":{"start":{"line":19,"column":4},"end":{"line":21,"column":5}},"9":{"start":{"line":20,"column":6},"end":{"line":20,"column":79}},"10":{"start":{"line":23,"column":21},"end":{"line":25,"column":5}},"11":{"start":{"line":27,"column":4},"end":{"line":29,"column":5}},"12":{"start":{"line":28,"column":6},"end":{"line":28,"column":86}},"13":{"start":{"line":31,"column":4},"end":{"line":37,"column":7}},"14":{"start":{"line":40,"column":0},"end":{"line":40,"column":31}}},"fnMap":{"0":{"name":"(anonymous_0)","decl":{"start":{"line":4,"column":2},"end":{"line":4,"column":3}},"loc":{"start":{"line":4,"column":33},"end":{"line":6,"column":3}},"line":4},"1":{"name":"(anonymous_1)","decl":{"start":{"line":8,"column":2},"end":{"line":8,"column":3}},"loc":{"start":{"line":8,"column":32},"end":{"line":38,"column":3}},"line":8}},"branchMap":{"0":{"loc":{"start":{"line":15,"column":4},"end":{"line":17,"column":5}},"type":"if","locations":[{"start":{"line":15,"column":4},"end":{"line":17,"column":5}},{"start":{},"end":{}}],"line":15},"1":{"loc":{"start":{"line":19,"column":4},"end":{"line":21,"column":5}},"type":"if","locations":[{"start":{"line":19,"column":4},"end":{"line":21,"column":5}},{"start":{},"end":{}}],"line":19},"2":{"loc":{"start":{"line":27,"column":4},"end":{"line":29,"column":5}},"type":"if","locations":[{"start":{"line":27,"column":4},"end":{"line":29,"column":5}},{"start":{},"end":{}}],"line":27}},"s":{"0":1,"1":1,"2":3,"3":3,"4":3,"5":3,"6":3,"7":1,"8":2,"9":0,"10":2,"11":2,"12":1,"13":1,"14":1},"f":{"0":1,"1":3},"b":{"0":[1,2],"1":[0,2],"2":[1,1]},"_coverageSchema":"1a1c01bbd47fc00a2c39e90264f33305004495a9","hash":"fe645bbd1d8624ff53d921a43606df6388111f0e"}
,"C:\\Users\\Ana Paula\\Documents\\trabalho-microsservico\\backend\\bookings-service\\src\\domain\\entities\\Booking.js": {"path":"C:\\Users\\Ana Paula\\Documents\\trabalho-microsservico\\backend\\bookings-service\\src\\domain\\entities\\Booking.js","statementMap":{"0":{"start":{"line":4,"column":26},"end":{"line":4,"column":28}},"1":{"start":{"line":5,"column":4},"end":{"line":5,"column":44}},"2":{"start":{"line":5,"column":17},"end":{"line":5,"column":44}},"3":{"start":{"line":6,"column":4},"end":{"line":6,"column":47}},"4":{"start":{"line":6,"column":17},"end":{"line":6,"column":47}},"5":{"start":{"line":7,"column":4},"end":{"line":7,"column":60}},"6":{"start":{"line":7,"column":20},"end":{"line":7,"column":60}},"7":{"start":{"line":8,"column":4},"end":{"line":8,"column":55}},"8":{"start":{"line":8,"column":18},"end":{"line":8,"column":55}},"9":{"start":{"line":10,"column":4},"end":{"line":12,"column":5}},"10":{"start":{"line":11,"column":6},"end":{"line":11,"column":86}},"11":{"start":{"line":14,"column":4},"end":{"line":16,"column":5}},"12":{"start":{"line":15,"column":6},"end":{"line":15,"column":82}},"13":{"start":{"line":18,"column":4},"end":{"line":18,"column":17}},"14":{"start":{"line":19,"column":4},"end":{"line":19,"column":25}},"15":{"start":{"line":20,"column":4},"end":{"line":20,"column":25}},"16":{"start":{"line":21,"column":4},"end":{"line":21,"column":41}},"17":{"start":{"line":22,"column":4},"end":{"line":22,"column":37}},"18":{"start":{"line":23,"column":4},"end":{"line":23,"column":25}},"19":{"start":{"line":27,"column":0},"end":{"line":27,"column":25}}},"fnMap":{"0":{"name":"(anonymous_0)","decl":{"start":{"line":2,"column":2},"end":{"line":2,"column":3}},"loc":{"start":{"line":2,"column":77},"end":{"line":24,"column":3}},"line":2}},"branchMap":{"0":{"loc":{"start":{"line":2,"column":56},"end":{"line":2,"column":73}},"type":"default-arg","locations":[{"start":{"line":2,"column":65},"end":{"line":2,"column":73}}],"line":2},"1":{"loc":{"start":{"line":5,"column":4},"end":{"line":5,"column":44}},"type":"if","locations":[{"start":{"line":5,"column":4},"end":{"line":5,"column":44}},{"start":{},"end":{}}],"line":5},"2":{"loc":{"start":{"line":6,"column":4},"end":{"line":6,"column":47}},"type":"if","locations":[{"start":{"line":6,"column":4},"end":{"line":6,"column":47}},{"start":{},"end":{}}],"line":6},"3":{"loc":{"start":{"line":7,"column":4},"end":{"line":7,"column":60}},"type":"if","locations":[{"start":{"line":7,"column":4},"end":{"line":7,"column":60}},{"start":{},"end":{}}],"line":7},"4":{"loc":{"start":{"line":8,"column":4},"end":{"line":8,"column":55}},"type":"if","locations":[{"start":{"line":8,"column":4},"end":{"line":8,"column":55}},{"start":{},"end":{}}],"line":8},"5":{"loc":{"start":{"line":10,"column":4},"end":{"line":12,"column":5}},"type":"if","locations":[{"start":{"line":10,"column":4},"end":{"line":12,"column":5}},{"start":{},"end":{}}],"line":10},"6":{"loc":{"start":{"line":14,"column":4},"end":{"line":16,"column":5}},"type":"if","locations":[{"start":{"line":14,"column":4},"end":{"line":16,"column":5}},{"start":{},"end":{}}],"line":14}},"s":{"0":3,"1":3,"2":0,"3":3,"4":0,"5":3,"6":0,"7":3,"8":0,"9":3,"10":0,"11":3,"12":0,"13":3,"14":3,"15":3,"16":3,"17":3,"18":3,"19":1},"f":{"0":3},"b":{"0":[3],"1":[0,3],"2":[0,3],"3":[0,3],"4":[0,3],"5":[0,3],"6":[0,3]},"_coverageSchema":"1a1c01bbd47fc00a2c39e90264f33305004495a9","hash":"d1dcf7c5b52451ecd611cbac81c2ccda0999b92f"}
,"C:\\Users\\Ana Paula\\Documents\\trabalho-microsservico\\backend\\bookings-service\\src\\presentation\\controllers\\BookingController.js": {"path":"C:\\Users\\Ana Paula\\Documents\\trabalho-microsservico\\backend\\bookings-service\\src\\presentation\\controllers\\BookingController.js","statementMap":{"0":{"start":{"line":3,"column":4},"end":{"line":3,"column":39}},"1":{"start":{"line":4,"column":4},"end":{"line":4,"column":35}},"2":{"start":{"line":5,"column":4},"end":{"line":5,"column":39}},"3":{"start":{"line":6,"column":4},"end":{"line":6,"column":45}},"4":{"start":{"line":9,"column":9},"end":{"line":20,"column":3}},"5":{"start":{"line":10,"column":4},"end":{"line":19,"column":5}},"6":{"start":{"line":11,"column":21},"end":{"line":11,"column":53}},"7":{"start":{"line":12,"column":23},"end":{"line":12,"column":49}},"8":{"start":{"line":14,"column":22},"end":{"line":14,"column":89}},"9":{"start":{"line":16,"column":6},"end":{"line":16,"column":43}},"10":{"start":{"line":18,"column":6},"end":{"line":18,"column":60}},"11":{"start":{"line":22,"column":9},"end":{"line":30,"column":3}},"12":{"start":{"line":23,"column":4},"end":{"line":29,"column":5}},"13":{"start":{"line":24,"column":21},"end":{"line":24,"column":53}},"14":{"start":{"line":25,"column":22},"end":{"line":25,"column":85}},"15":{"start":{"line":26,"column":6},"end":{"line":26,"column":31}},"16":{"start":{"line":28,"column":6},"end":{"line":28,"column":60}},"17":{"start":{"line":32,"column":11},"end":{"line":42,"column":3}},"18":{"start":{"line":33,"column":4},"end":{"line":41,"column":5}},"19":{"start":{"line":34,"column":21},"end":{"line":34,"column":53}},"20":{"start":{"line":35,"column":23},"end":{"line":35,"column":49}},"21":{"start":{"line":37,"column":6},"end":{"line":37,"column":72}},"22":{"start":{"line":38,"column":6},"end":{"line":38,"column":36}},"23":{"start":{"line":40,"column":6},"end":{"line":40,"column":60}},"24":{"start":{"line":44,"column":9},"end":{"line":54,"column":3}},"25":{"start":{"line":45,"column":4},"end":{"line":53,"column":5}},"26":{"start":{"line":46,"column":21},"end":{"line":46,"column":53}},"27":{"start":{"line":47,"column":23},"end":{"line":47,"column":49}},"28":{"start":{"line":49,"column":23},"end":{"line":49,"column":76}},"29":{"start":{"line":50,"column":6},"end":{"line":50,"column":32}},"30":{"start":{"line":52,"column":6},"end":{"line":52,"column":60}},"31":{"start":{"line":57,"column":0},"end":{"line":57,"column":35}}},"fnMap":{"0":{"name":"(anonymous_0)","decl":{"start":{"line":2,"column":2},"end":{"line":2,"column":3}},"loc":{"start":{"line":2,"column":75},"end":{"line":7,"column":3}},"line":2},"1":{"name":"(anonymous_1)","decl":{"start":{"line":9,"column":9},"end":{"line":9,"column":10}},"loc":{"start":{"line":9,"column":29},"end":{"line":20,"column":3}},"line":9},"2":{"name":"(anonymous_2)","decl":{"start":{"line":22,"column":9},"end":{"line":22,"column":10}},"loc":{"start":{"line":22,"column":29},"end":{"line":30,"column":3}},"line":22},"3":{"name":"(anonymous_3)","decl":{"start":{"line":32,"column":11},"end":{"line":32,"column":12}},"loc":{"start":{"line":32,"column":31},"end":{"line":42,"column":3}},"line":32},"4":{"name":"(anonymous_4)","decl":{"start":{"line":44,"column":9},"end":{"line":44,"column":10}},"loc":{"start":{"line":44,"column":29},"end":{"line":54,"column":3}},"line":44}},"branchMap":{},"s":{"0":1,"1":1,"2":1,"3":1,"4":1,"5":2,"6":2,"7":2,"8":2,"9":0,"10":2,"11":1,"12":2,"13":2,"14":2,"15":1,"16":1,"17":1,"18":2,"19":2,"20":2,"21":2,"22":1,"23":1,"24":1,"25":2,"26":2,"27":2,"28":2,"29":1,"30":1,"31":1},"f":{"0":1,"1":2,"2":2,"3":2,"4":2},"b":{},"_coverageSchema":"1a1c01bbd47fc00a2c39e90264f33305004495a9","hash":"1d6d8f546679c1c6700b058cddb6a1e77d7fc785"}
}
