TN:
SF:src\application\use-cases\CreateBooking.js
FN:4,(anonymous_0)
FN:8,(anonymous_1)
FNF:2
FNH:2
FNDA:1,(anonymous_0)
FNDA:4,(anonymous_1)
DA:1,1
DA:5,1
DA:9,4
DA:10,4
DA:11,4
DA:13,4
DA:15,4
DA:16,1
DA:19,3
DA:20,0
DA:23,3
DA:27,3
DA:28,1
DA:31,2
DA:40,1
LF:15
LH:14
BRDA:15,0,0,1
BRDA:15,0,1,3
BRDA:19,1,0,0
BRDA:19,1,1,3
BRDA:27,2,0,1
BRDA:27,2,1,2
BRF:6
BRH:5
end_of_record
TN:
SF:src\domain\entities\Booking.js
FN:2,(anonymous_0)
FNF:1
FNH:1
FNDA:4,(anonymous_0)
DA:4,4
DA:5,4
DA:6,4
DA:7,4
DA:8,4
DA:10,4
DA:11,0
DA:14,4
DA:15,0
DA:18,4
DA:19,4
DA:20,4
DA:21,4
DA:22,4
DA:23,4
DA:27,1
LF:16
LH:14
BRDA:2,0,0,4
BRDA:5,1,0,0
BRDA:5,1,1,4
BRDA:6,2,0,0
BRDA:6,2,1,4
BRDA:7,3,0,0
BRDA:7,3,1,4
BRDA:8,4,0,0
BRDA:8,4,1,4
BRDA:10,5,0,0
BRDA:10,5,1,4
BRDA:14,6,0,0
BRDA:14,6,1,4
BRF:13
BRH:7
end_of_record
TN:
SF:src\presentation\controllers\BookingController.js
FN:2,(anonymous_0)
FN:9,(anonymous_1)
FN:22,(anonymous_2)
FN:32,(anonymous_3)
FN:44,(anonymous_4)
FNF:5
FNH:2
FNDA:1,(anonymous_0)
FNDA:1,(anonymous_1)
FNDA:0,(anonymous_2)
FNDA:0,(anonymous_3)
FNDA:0,(anonymous_4)
DA:3,1
DA:4,1
DA:5,1
DA:6,1
DA:9,1
DA:10,1
DA:11,1
DA:12,1
DA:14,1
DA:16,1
DA:18,0
DA:22,1
DA:23,0
DA:24,0
DA:25,0
DA:26,0
DA:28,0
DA:32,1
DA:33,0
DA:34,0
DA:35,0
DA:37,0
DA:38,0
DA:40,0
DA:44,1
DA:45,0
DA:46,0
DA:47,0
DA:49,0
DA:50,0
DA:52,0
DA:57,1
LF:32
LH:14
BRF:0
BRH:0
end_of_record
