TN:
SF:src\application\use-cases\CreateBooking.js
FN:4,(anonymous_0)
FN:8,(anonymous_1)
FNF:2
FNH:2
FNDA:1,(anonymous_0)
FNDA:3,(anonymous_1)
DA:1,1
DA:5,1
DA:9,3
DA:10,3
DA:11,3
DA:13,3
DA:15,3
DA:16,1
DA:19,2
DA:20,0
DA:23,2
DA:27,2
DA:28,1
DA:31,1
DA:40,1
LF:15
LH:14
BRDA:15,0,0,1
BRDA:15,0,1,2
BRDA:19,1,0,0
BRDA:19,1,1,2
BRDA:27,2,0,1
BRDA:27,2,1,1
BRF:6
BRH:5
end_of_record
TN:
SF:src\domain\entities\Booking.js
FN:2,(anonymous_0)
FNF:1
FNH:1
FNDA:3,(anonymous_0)
DA:4,3
DA:5,3
DA:6,3
DA:7,3
DA:8,3
DA:10,3
DA:11,0
DA:14,3
DA:15,0
DA:18,3
DA:19,3
DA:20,3
DA:21,3
DA:22,3
DA:23,3
DA:27,1
LF:16
LH:14
BRDA:2,0,0,3
BRDA:5,1,0,0
BRDA:5,1,1,3
BRDA:6,2,0,0
BRDA:6,2,1,3
BRDA:7,3,0,0
BRDA:7,3,1,3
BRDA:8,4,0,0
BRDA:8,4,1,3
BRDA:10,5,0,0
BRDA:10,5,1,3
BRDA:14,6,0,0
BRDA:14,6,1,3
BRF:13
BRH:7
end_of_record
TN:
SF:src\presentation\controllers\BookingController.js
FN:2,(anonymous_0)
FN:9,(anonymous_1)
FN:22,(anonymous_2)
FN:32,(anonymous_3)
FN:44,(anonymous_4)
FNF:5
FNH:5
FNDA:1,(anonymous_0)
FNDA:2,(anonymous_1)
FNDA:2,(anonymous_2)
FNDA:2,(anonymous_3)
FNDA:2,(anonymous_4)
DA:3,1
DA:4,1
DA:5,1
DA:6,1
DA:9,1
DA:10,2
DA:11,2
DA:12,2
DA:14,2
DA:16,0
DA:18,2
DA:22,1
DA:23,2
DA:24,2
DA:25,2
DA:26,1
DA:28,1
DA:32,1
DA:33,2
DA:34,2
DA:35,2
DA:37,2
DA:38,1
DA:40,1
DA:44,1
DA:45,2
DA:46,2
DA:47,2
DA:49,2
DA:50,1
DA:52,1
DA:57,1
LF:32
LH:31
BRF:0
BRH:0
end_of_record
