<?xml version="1.0" encoding="UTF-8"?>
<coverage generated="1777830614672" clover="3.2.0">
  <project timestamp="1777830614673" name="All files">
    <metrics statements="40" coveredstatements="35" conditionals="19" coveredconditionals="12" methods="11" coveredmethods="11" elements="70" coveredelements="58" complexity="0" loc="40" ncloc="40" packages="2" files="6" classes="6"/>
    <package name="application.use-cases">
      <metrics statements="31" coveredstatements="28" conditionals="10" coveredconditionals="5" methods="10" coveredmethods="10"/>
      <file name="CreateRoom.js" path="C:\Users\Katrina\Documents\trabalho-microsservico\backend\rooms-service\src\application\use-cases\CreateRoom.js">
        <metrics statements="5" coveredstatements="5" conditionals="0" coveredconditionals="0" methods="2" coveredmethods="2"/>
        <line num="1" count="1" type="stmt"/>
        <line num="5" count="1" type="stmt"/>
        <line num="15" count="1" type="stmt"/>
        <line num="17" count="1" type="stmt"/>
        <line num="21" count="1" type="stmt"/>
      </file>
      <file name="DeleteRoom.js" path="C:\Users\Katrina\Documents\trabalho-microsservico\backend\rooms-service\src\application\use-cases\DeleteRoom.js">
        <metrics statements="7" coveredstatements="6" conditionals="2" coveredconditionals="1" methods="2" coveredmethods="2"/>
        <line num="3" count="1" type="stmt"/>
        <line num="7" count="1" type="stmt"/>
        <line num="9" count="1" type="cond" truecount="1" falsecount="1"/>
        <line num="10" count="0" type="stmt"/>
        <line num="13" count="1" type="stmt"/>
        <line num="15" count="1" type="stmt"/>
        <line num="19" count="1" type="stmt"/>
      </file>
      <file name="ListAllRooms.js" path="C:\Users\Katrina\Documents\trabalho-microsservico\backend\rooms-service\src\application\use-cases\ListAllRooms.js">
        <metrics statements="3" coveredstatements="3" conditionals="0" coveredconditionals="0" methods="2" coveredmethods="2"/>
        <line num="3" count="1" type="stmt"/>
        <line num="8" count="1" type="stmt"/>
        <line num="12" count="1" type="stmt"/>
      </file>
      <file name="ToggleRoomStatus.js" path="C:\Users\Katrina\Documents\trabalho-microsservico\backend\rooms-service\src\application\use-cases\ToggleRoomStatus.js">
        <metrics statements="7" coveredstatements="6" conditionals="2" coveredconditionals="1" methods="2" coveredmethods="2"/>
        <line num="3" count="1" type="stmt"/>
        <line num="7" count="1" type="stmt"/>
        <line num="9" count="1" type="cond" truecount="1" falsecount="1"/>
        <line num="10" count="0" type="stmt"/>
        <line num="13" count="1" type="stmt"/>
        <line num="17" count="1" type="stmt"/>
        <line num="21" count="1" type="stmt"/>
      </file>
      <file name="UpdateRoom.js" path="C:\Users\Katrina\Documents\trabalho-microsservico\backend\rooms-service\src\application\use-cases\UpdateRoom.js">
        <metrics statements="9" coveredstatements="8" conditionals="6" coveredconditionals="3" methods="2" coveredmethods="2"/>
        <line num="3" count="1" type="stmt"/>
        <line num="7" count="1" type="stmt"/>
        <line num="9" count="1" type="cond" truecount="1" falsecount="1"/>
        <line num="10" count="0" type="stmt"/>
        <line num="13" count="1" type="cond" truecount="1" falsecount="1"/>
        <line num="14" count="1" type="cond" truecount="1" falsecount="1"/>
        <line num="16" count="1" type="stmt"/>
        <line num="18" count="1" type="stmt"/>
        <line num="22" count="1" type="stmt"/>
      </file>
    </package>
    <package name="domain.entities">
      <metrics statements="9" coveredstatements="7" conditionals="9" coveredconditionals="7" methods="1" coveredmethods="1"/>
      <file name="Room.js" path="C:\Users\Katrina\Documents\trabalho-microsservico\backend\rooms-service\src\domain\entities\Room.js">
        <metrics statements="9" coveredstatements="7" conditionals="9" coveredconditionals="7" methods="1" coveredmethods="1"/>
        <line num="3" count="1" type="cond" truecount="3" falsecount="1"/>
        <line num="4" count="0" type="stmt"/>
        <line num="7" count="1" type="cond" truecount="3" falsecount="1"/>
        <line num="8" count="0" type="stmt"/>
        <line num="11" count="1" type="stmt"/>
        <line num="12" count="1" type="stmt"/>
        <line num="13" count="1" type="stmt"/>
        <line num="14" count="1" type="stmt"/>
        <line num="18" count="1" type="stmt"/>
      </file>
    </package>
  </project>
</coverage>
